Unity Editor version:    2021.3.10f1 (1c7d0df0160b)
Branch:                  2021.3/staging
Build type:              Release
Batch mode:              YES
macOS version:           Version 12.6 (Build 21G115)
Darwin version:          21.6.0
Architecture:            x86_64
Running under Rosetta:   YES
Available memory:        32768 MB
Using pre-set license
Pro License: YES

COMMAND LINE ARGUMENTS:
/Applications/Unity/Hub/Editor/2021.3.10f1/Unity.app/Contents/MacOS/Unity
-adb2
-batchMode
-noUpm
-name
AssetImportWorker0
-projectPath
/Users/arolandelli/Documents/GitHub/VJ-TP/VJ-TP
-logFile
Logs/AssetImportWorker0.log
-srvPort
55943
Successfully changed project path to: /Users/arolandelli/Documents/GitHub/VJ-TP/VJ-TP
/Users/arolandelli/Documents/GitHub/VJ-TP/VJ-TP
[UnityMemory] Configuration Parameters - Can be set up in boot.config
    "memorysetup-bucket-allocator-granularity=16"
    "memorysetup-bucket-allocator-bucket-count=8"
    "memorysetup-bucket-allocator-block-size=33554432"
    "memorysetup-bucket-allocator-block-count=8"
    "memorysetup-main-allocator-block-size=16777216"
    "memorysetup-thread-allocator-block-size=16777216"
    "memorysetup-gfx-main-allocator-block-size=16777216"
    "memorysetup-gfx-thread-allocator-block-size=16777216"
    "memorysetup-cache-allocator-block-size=4194304"
    "memorysetup-typetree-allocator-block-size=2097152"
    "memorysetup-profiler-bucket-allocator-granularity=16"
    "memorysetup-profiler-bucket-allocator-bucket-count=8"
    "memorysetup-profiler-bucket-allocator-block-size=33554432"
    "memorysetup-profiler-bucket-allocator-block-count=8"
    "memorysetup-profiler-allocator-block-size=16777216"
    "memorysetup-profiler-editor-allocator-block-size=1048576"
    "memorysetup-temp-allocator-size-main=16777216"
    "memorysetup-job-temp-allocator-block-size=2097152"
    "memorysetup-job-temp-allocator-block-size-background=1048576"
    "memorysetup-job-temp-allocator-reduction-small-platforms=262144"
    "memorysetup-temp-allocator-size-background-worker=32768"
    "memorysetup-temp-allocator-size-job-worker=262144"
    "memorysetup-temp-allocator-size-preload-manager=33554432"
    "memorysetup-temp-allocator-size-nav-mesh-worker=65536"
    "memorysetup-temp-allocator-size-audio-worker=65536"
    "memorysetup-temp-allocator-size-cloud-worker=32768"
    "memorysetup-temp-allocator-size-gi-baking-worker=262144"
    "memorysetup-temp-allocator-size-gfx=262144"
Refreshing native plugins compatible for Editor in 98.39 ms, found 2 plugins.
Preloading 0 native plugins for Editor in 0.00 ms.
Initialize engine version: 2021.3.10f1 (1c7d0df0160b)
[Subsystems] Discovering subsystems at path /Applications/Unity/Hub/Editor/2021.3.10f1/Unity.app/Contents/Resources/UnitySubsystems
[Subsystems] Discovering subsystems at path /Users/arolandelli/Documents/GitHub/VJ-TP/VJ-TP/Assets
GfxDevice: creating device client; threaded=0; jobified=0
 preferred device: Apple M1 Max (high power)
Metal devices available: 1
0: Apple M1 Max (high power)
Using device Apple M1 Max (high power)
Initializing Metal device caps: Apple M1 Max
Initialize mono
Mono path[0] = '/Applications/Unity/Hub/Editor/2021.3.10f1/Unity.app/Contents/Managed'
Mono path[1] = '/Applications/Unity/Hub/Editor/2021.3.10f1/Unity.app/Contents/MonoBleedingEdge/lib/mono/unityjit-macos'
Mono config path = '/Applications/Unity/Hub/Editor/2021.3.10f1/Unity.app/Contents/MonoBleedingEdge/etc'
Using monoOptions --debugger-agent=transport=dt_socket,embedding=1,server=y,suspend=n,address=127.0.0.1:56436
Begin MonoManager ReloadAssembly
Registering precompiled unity dll's ...
Register platform support module: /Applications/Unity/Hub/Editor/2021.3.10f1/Unity.app/Contents/PlaybackEngines/MacStandaloneSupport/UnityEditor.OSXStandalone.Extensions.dll
Register platform support module: /Applications/Unity/Hub/Editor/2021.3.10f1/PlaybackEngines/iOSSupport/UnityEditor.iOS.Extensions.dll
Registered in 0.000597 seconds.
[usbmuxd] Start listen thread
[usbmuxd] Listen thread started
[usbmuxd] Send listen message
Native extension for iOS target not found
Native extension for OSXStandalone target not found
Refreshing native plugins compatible for Editor in 96.35 ms, found 2 plugins.
Preloading 0 native plugins for Editor in 0.00 ms.
Mono: successfully reloaded assembly
- Completed reload, in  1.551 seconds
Domain Reload Profiling:
	ReloadAssembly (1552ms)
		BeginReloadAssembly (138ms)
			ExecutionOrderSort (0ms)
			DisableScriptedObjects (0ms)
			BackupInstance (0ms)
			ReleaseScriptingObjects (0ms)
			CreateAndSetChildDomain (3ms)
		EndReloadAssembly (1182ms)
			LoadAssemblies (135ms)
			RebuildTransferFunctionScriptingTraits (0ms)
			SetupTypeCache (138ms)
			ReleaseScriptCaches (0ms)
			RebuildScriptCaches (34ms)
			SetupLoadedEditorAssemblies (859ms)
				LogAssemblyErrors (0ms)
				InitializePlatformSupportModulesInManaged (90ms)
				SetLoadedEditorAssemblies (0ms)
				RefreshPlugins (96ms)
				BeforeProcessingInitializeOnLoad (3ms)
				ProcessInitializeOnLoadAttributes (487ms)
				ProcessInitializeOnLoadMethodAttributes (182ms)
				AfterProcessingInitializeOnLoad (0ms)
				EditorAssembliesLoaded (0ms)
			ExecutionOrderSort2 (0ms)
			AwakeInstancesAfterBackupRestoration (0ms)
Platform modules already initialized, skipping
Registering precompiled user dll's ...
Registered in 0.002471 seconds.
Begin MonoManager ReloadAssembly
Symbol file LoadedFromMemory doesn't match image /Users/arolandelli/Documents/GitHub/VJ-TP/VJ-TP/Library/PackageCache/com.unity.visualscripting@1.7.8/Editor/VisualScripting.Core/Dependencies/YamlDotNet/Unity.VisualScripting.YamlDotNet.dll
Symbol file LoadedFromMemory doesn't match image /Users/arolandelli/Documents/GitHub/VJ-TP/VJ-TP/Library/PackageCache/com.unity.visualscripting@1.7.8/Editor/VisualScripting.Core/Dependencies/DotNetZip/Unity.VisualScripting.IonicZip.dll
Native extension for iOS target not found
Native extension for OSXStandalone target not found
Refreshing native plugins compatible for Editor in 0.70 ms, found 2 plugins.
Preloading 0 native plugins for Editor in 0.00 ms.
Mono: successfully reloaded assembly
- Completed reload, in  2.468 seconds
Domain Reload Profiling:
	ReloadAssembly (2470ms)
		BeginReloadAssembly (249ms)
			ExecutionOrderSort (0ms)
			DisableScriptedObjects (43ms)
			BackupInstance (0ms)
			ReleaseScriptingObjects (0ms)
			CreateAndSetChildDomain (30ms)
		EndReloadAssembly (1927ms)
			LoadAssemblies (121ms)
			RebuildTransferFunctionScriptingTraits (0ms)
			SetupTypeCache (343ms)
			ReleaseScriptCaches (2ms)
			RebuildScriptCaches (62ms)
			SetupLoadedEditorAssemblies (1233ms)
				LogAssemblyErrors (0ms)
				InitializePlatformSupportModulesInManaged (70ms)
				SetLoadedEditorAssemblies (2ms)
				RefreshPlugins (1ms)
				BeforeProcessingInitializeOnLoad (136ms)
				ProcessInitializeOnLoadAttributes (906ms)
				ProcessInitializeOnLoadMethodAttributes (119ms)
				AfterProcessingInitializeOnLoad (1ms)
				EditorAssembliesLoaded (0ms)
			ExecutionOrderSort2 (0ms)
			AwakeInstancesAfterBackupRestoration (11ms)
Platform modules already initialized, skipping
========================================================================
Worker process is ready to serve import requests
Launching external process: /Applications/Unity/Hub/Editor/2021.3.10f1/Unity.app/Contents/Tools/UnityShaderCompiler
Launched and connected shader compiler UnityShaderCompiler after 0.08 seconds
Refreshing native plugins compatible for Editor in 0.58 ms, found 2 plugins.
Preloading 0 native plugins for Editor in 0.00 ms.
Unloading 3391 Unused Serialized files (Serialized files now loaded: 0)
Unloading 27 unused Assets / (96.9 KB). Loaded Objects now: 3848.
Memory consumption went from 230.2 MB to 230.1 MB.
Total: 2.963958 ms (FindLiveObjects: 0.188125 ms CreateObjectMapping: 0.081125 ms MarkObjects: 2.550958 ms  DeleteObjects: 0.142666 ms)

AssetImportParameters requested are different than current active one (requested -> active):
  custom:video-decoder-ogg-theora: a1e56fd34408186e4bbccfd4996cb3dc -> 
  custom:container-muxer-webm: aa71ff27fc2769a1b78a27578f13a17b -> 
  custom:container-demuxer-webm: 4f35f7cbe854078d1ac9338744f61a02 -> 
  custom:video-encoder-webm-vp8: eb34c28f22e8b96e1ab97ce403110664 -> 
  custom:framework-osx-AVFoundation: e770b220cccbd017edd2c1fefb359320 -> 
  custom:audio-encoder-webm-vorbis: bf7c407c2cedff20999df2af8eb42d56 -> 
  custom:container-demuxer-ogg: 62fdf1f143b41e24485cea50d1cbac27 -> 
  custom:video-decoder-webm-vp8: 9c59270c3fd7afecdb556c50c9e8de78 -> 
  custom:audio-decoder-ogg-vorbis: bf7c407c2cedff20999df2af8eb42d56 -> 
========================================================================
Received Import Request.
  Time since last request: 72152.494176 seconds.
  path: Assets/Scripts
  artifactKey: Guid(55780529e240e4e1a86a12ff76bc93c6) Importer(815301076,1909f56bfc062723c751e8b465ee728b)
Start importing Assets/Scripts using Guid(55780529e240e4e1a86a12ff76bc93c6) Importer(815301076,1909f56bfc062723c751e8b465ee728b)  -> (artifact id: 'b85db46a722f067595388bdb2d14059e') in 0.008820 seconds 
========================================================================
Received Prepare
Registering precompiled user dll's ...
Registered in 0.002012 seconds.
Begin MonoManager ReloadAssembly
Symbol file LoadedFromMemory doesn't match image /Users/arolandelli/Documents/GitHub/VJ-TP/VJ-TP/Library/PackageCache/com.unity.visualscripting@1.7.8/Editor/VisualScripting.Core/Dependencies/YamlDotNet/Unity.VisualScripting.YamlDotNet.dll
Symbol file LoadedFromMemory doesn't match image /Users/arolandelli/Documents/GitHub/VJ-TP/VJ-TP/Library/PackageCache/com.unity.visualscripting@1.7.8/Editor/VisualScripting.Core/Dependencies/DotNetZip/Unity.VisualScripting.IonicZip.dll
Native extension for iOS target not found
Native extension for OSXStandalone target not found
Refreshing native plugins compatible for Editor in 0.63 ms, found 2 plugins.
Preloading 0 native plugins for Editor in 0.00 ms.
Mono: successfully reloaded assembly
- Completed reload, in  2.698 seconds
Domain Reload Profiling:
	ReloadAssembly (2699ms)
		BeginReloadAssembly (359ms)
			ExecutionOrderSort (0ms)
			DisableScriptedObjects (43ms)
			BackupInstance (0ms)
			ReleaseScriptingObjects (0ms)
			CreateAndSetChildDomain (90ms)
		EndReloadAssembly (2091ms)
			LoadAssemblies (166ms)
			RebuildTransferFunctionScriptingTraits (0ms)
			SetupTypeCache (363ms)
			ReleaseScriptCaches (1ms)
			RebuildScriptCaches (50ms)
			SetupLoadedEditorAssemblies (1339ms)
				LogAssemblyErrors (0ms)
				InitializePlatformSupportModulesInManaged (94ms)
				SetLoadedEditorAssemblies (1ms)
				RefreshPlugins (1ms)
				BeforeProcessingInitializeOnLoad (115ms)
				ProcessInitializeOnLoadAttributes (976ms)
				ProcessInitializeOnLoadMethodAttributes (150ms)
				AfterProcessingInitializeOnLoad (1ms)
				EditorAssembliesLoaded (0ms)
			ExecutionOrderSort2 (0ms)
			AwakeInstancesAfterBackupRestoration (14ms)
Platform modules already initialized, skipping
Refreshing native plugins compatible for Editor in 1.17 ms, found 2 plugins.
Preloading 0 native plugins for Editor in 0.00 ms.
Unloading 3401 Unused Serialized files (Serialized files now loaded: 0)
Unloading 21 unused Assets / (72.6 KB). Loaded Objects now: 3866.
Memory consumption went from 230.7 MB to 230.6 MB.
Total: 2.831959 ms (FindLiveObjects: 0.173750 ms CreateObjectMapping: 0.069541 ms MarkObjects: 2.486250 ms  DeleteObjects: 0.101500 ms)

AssetImportParameters requested are different than current active one (requested -> active):
  custom:video-decoder-ogg-theora: a1e56fd34408186e4bbccfd4996cb3dc -> 
  custom:container-muxer-webm: aa71ff27fc2769a1b78a27578f13a17b -> 
  custom:container-demuxer-webm: 4f35f7cbe854078d1ac9338744f61a02 -> 
  custom:video-encoder-webm-vp8: eb34c28f22e8b96e1ab97ce403110664 -> 
  custom:framework-osx-AVFoundation: e770b220cccbd017edd2c1fefb359320 -> 
  custom:audio-encoder-webm-vorbis: bf7c407c2cedff20999df2af8eb42d56 -> 
  custom:container-demuxer-ogg: 62fdf1f143b41e24485cea50d1cbac27 -> 
  custom:video-decoder-webm-vp8: 9c59270c3fd7afecdb556c50c9e8de78 -> 
  custom:audio-decoder-ogg-vorbis: bf7c407c2cedff20999df2af8eb42d56 -> 
========================================================================
Received Import Request.
  Time since last request: 1940.981970 seconds.
  path: Assets/Scenes/SampleScene.unity
  artifactKey: Guid(9fc0d4010bbf28b4594072e72b8655ab) Importer(815301076,1909f56bfc062723c751e8b465ee728b)
Start importing Assets/Scenes/SampleScene.unity using Guid(9fc0d4010bbf28b4594072e72b8655ab) Importer(815301076,1909f56bfc062723c751e8b465ee728b)  -> (artifact id: 'e55ccaa32d8e5c1de03c07a5412c8c3c') in 0.008009 seconds 
========================================================================
Received Prepare
Registering precompiled user dll's ...
Registered in 0.001954 seconds.
Begin MonoManager ReloadAssembly
Symbol file LoadedFromMemory doesn't match image /Users/arolandelli/Documents/GitHub/VJ-TP/VJ-TP/Library/PackageCache/com.unity.visualscripting@1.7.8/Editor/VisualScripting.Core/Dependencies/YamlDotNet/Unity.VisualScripting.YamlDotNet.dll
Symbol file LoadedFromMemory doesn't match image /Users/arolandelli/Documents/GitHub/VJ-TP/VJ-TP/Library/PackageCache/com.unity.visualscripting@1.7.8/Editor/VisualScripting.Core/Dependencies/DotNetZip/Unity.VisualScripting.IonicZip.dll
Native extension for iOS target not found
Native extension for OSXStandalone target not found
Refreshing native plugins compatible for Editor in 0.58 ms, found 2 plugins.
Preloading 0 native plugins for Editor in 0.00 ms.
Mono: successfully reloaded assembly
- Completed reload, in  2.566 seconds
Domain Reload Profiling:
	ReloadAssembly (2567ms)
		BeginReloadAssembly (300ms)
			ExecutionOrderSort (0ms)
			DisableScriptedObjects (45ms)
			BackupInstance (0ms)
			ReleaseScriptingObjects (0ms)
			CreateAndSetChildDomain (67ms)
		EndReloadAssembly (2016ms)
			LoadAssemblies (154ms)
			RebuildTransferFunctionScriptingTraits (0ms)
			SetupTypeCache (336ms)
			ReleaseScriptCaches (1ms)
			RebuildScriptCaches (46ms)
			SetupLoadedEditorAssemblies (1307ms)
				LogAssemblyErrors (0ms)
				InitializePlatformSupportModulesInManaged (98ms)
				SetLoadedEditorAssemblies (2ms)
				RefreshPlugins (1ms)
				BeforeProcessingInitializeOnLoad (117ms)
				ProcessInitializeOnLoadAttributes (953ms)
				ProcessInitializeOnLoadMethodAttributes (135ms)
				AfterProcessingInitializeOnLoad (1ms)
				EditorAssembliesLoaded (0ms)
			ExecutionOrderSort2 (0ms)
			AwakeInstancesAfterBackupRestoration (12ms)
Platform modules already initialized, skipping
Refreshing native plugins compatible for Editor in 1.17 ms, found 2 plugins.
Preloading 0 native plugins for Editor in 0.00 ms.
Unloading 3401 Unused Serialized files (Serialized files now loaded: 0)
Unloading 20 unused Assets / (72.8 KB). Loaded Objects now: 3869.
Memory consumption went from 230.9 MB to 230.8 MB.
Total: 2.899459 ms (FindLiveObjects: 0.193959 ms CreateObjectMapping: 0.096583 ms MarkObjects: 2.536041 ms  DeleteObjects: 0.072250 ms)

AssetImportParameters requested are different than current active one (requested -> active):
  custom:video-decoder-ogg-theora: a1e56fd34408186e4bbccfd4996cb3dc -> 
  custom:container-muxer-webm: aa71ff27fc2769a1b78a27578f13a17b -> 
  custom:container-demuxer-webm: 4f35f7cbe854078d1ac9338744f61a02 -> 
  custom:video-encoder-webm-vp8: eb34c28f22e8b96e1ab97ce403110664 -> 
  custom:framework-osx-AVFoundation: e770b220cccbd017edd2c1fefb359320 -> 
  custom:audio-encoder-webm-vorbis: bf7c407c2cedff20999df2af8eb42d56 -> 
  custom:container-demuxer-ogg: 62fdf1f143b41e24485cea50d1cbac27 -> 
  custom:video-decoder-webm-vp8: 9c59270c3fd7afecdb556c50c9e8de78 -> 
  custom:audio-decoder-ogg-vorbis: bf7c407c2cedff20999df2af8eb42d56 -> 
========================================================================
Received Import Request.
  Time since last request: 3644.740852 seconds.
  path: Assets/Sci_Fi_Character_08
  artifactKey: Guid(864480b1b33b644cd93c41c324e55ff4) Importer(815301076,1909f56bfc062723c751e8b465ee728b)
Start importing Assets/Sci_Fi_Character_08 using Guid(864480b1b33b644cd93c41c324e55ff4) Importer(815301076,1909f56bfc062723c751e8b465ee728b)  -> (artifact id: '6e57853d8e5d925d661c7475def2f379') in 0.033248 seconds 
========================================================================
Received Import Request.
  Time since last request: 2.426241 seconds.
  path: Assets/Sci_Fi_Character_08/Materials
  artifactKey: Guid(09f7657ef025c874c903a5d2498eaca1) Importer(815301076,1909f56bfc062723c751e8b465ee728b)
Start importing Assets/Sci_Fi_Character_08/Materials using Guid(09f7657ef025c874c903a5d2498eaca1) Importer(815301076,1909f56bfc062723c751e8b465ee728b)  -> (artifact id: '96c4634c8d59f51002959b73d2012f26') in 0.002153 seconds 
========================================================================
Received Import Request.
  Time since last request: 3.716719 seconds.
  path: Assets/Sci_Fi_Character_08/Materials/Body
  artifactKey: Guid(3126e3ff9495588438dd3aac89dced7a) Importer(815301076,1909f56bfc062723c751e8b465ee728b)
Start importing Assets/Sci_Fi_Character_08/Materials/Body using Guid(3126e3ff9495588438dd3aac89dced7a) Importer(815301076,1909f56bfc062723c751e8b465ee728b)  -> (artifact id: 'fd34cffe8b30d8955a720b9d2edb446d') in 0.002167 seconds 
========================================================================
Received Import Request.
  Time since last request: 0.055818 seconds.
  path: Assets/Sci_Fi_Character_08/Materials/Body/Sci_Fi_Character_08_Body_01.mat
  artifactKey: Guid(deb27cc9699525f43ab356573cdc92b5) Importer(815301076,1909f56bfc062723c751e8b465ee728b)
Start importing Assets/Sci_Fi_Character_08/Materials/Body/Sci_Fi_Character_08_Body_01.mat using Guid(deb27cc9699525f43ab356573cdc92b5) Importer(815301076,1909f56bfc062723c751e8b465ee728b)  -> (artifact id: 'a7371b716f09580559e902bac827b61b') in 1.867649 seconds 
========================================================================
Received Import Request.
  Time since last request: 0.000077 seconds.
  path: Assets/Sci_Fi_Character_08/Materials/Body/Sci_Fi_Character_08_Body_03.mat
  artifactKey: Guid(ebcb06885163d35418f01b9fc06d0027) Importer(815301076,1909f56bfc062723c751e8b465ee728b)
Start importing Assets/Sci_Fi_Character_08/Materials/Body/Sci_Fi_Character_08_Body_03.mat using Guid(ebcb06885163d35418f01b9fc06d0027) Importer(815301076,1909f56bfc062723c751e8b465ee728b)  -> (artifact id: '8e86f607d302f78d1bbd5c7bcba885c9') in 0.076561 seconds 
========================================================================
Received Import Request.
  Time since last request: 2.565835 seconds.
  path: Assets/Sci_Fi_Character_08/Scenes
  artifactKey: Guid(c16c387bf2ac5ca419344bc1d7c05b7c) Importer(815301076,1909f56bfc062723c751e8b465ee728b)
Start importing Assets/Sci_Fi_Character_08/Scenes using Guid(c16c387bf2ac5ca419344bc1d7c05b7c) Importer(815301076,1909f56bfc062723c751e8b465ee728b)  -> (artifact id: 'c73868719c22a51c425588cda3fa58fd') in 0.002060 seconds 
========================================================================
Received Import Request.
  Time since last request: 1.267875 seconds.
  path: Assets/Sci_Fi_Character_08/Scenes/Demo.unity
  artifactKey: Guid(41d37f4166f4f497f80c4b84a54b34f8) Importer(815301076,1909f56bfc062723c751e8b465ee728b)
Start importing Assets/Sci_Fi_Character_08/Scenes/Demo.unity using Guid(41d37f4166f4f497f80c4b84a54b34f8) Importer(815301076,1909f56bfc062723c751e8b465ee728b)  -> (artifact id: 'd7c424ca30318f78ce7a3692bb30d077') in 0.001985 seconds 
========================================================================
Received Prepare
Registering precompiled user dll's ...
Registered in 0.002344 seconds.
Begin MonoManager ReloadAssembly
Symbol file LoadedFromMemory doesn't match image /Users/arolandelli/Documents/GitHub/VJ-TP/VJ-TP/Library/PackageCache/com.unity.visualscripting@1.7.8/Editor/VisualScripting.Core/Dependencies/YamlDotNet/Unity.VisualScripting.YamlDotNet.dll
Symbol file LoadedFromMemory doesn't match image /Users/arolandelli/Documents/GitHub/VJ-TP/VJ-TP/Library/PackageCache/com.unity.visualscripting@1.7.8/Editor/VisualScripting.Core/Dependencies/DotNetZip/Unity.VisualScripting.IonicZip.dll
Native extension for iOS target not found
Native extension for OSXStandalone target not found
Refreshing native plugins compatible for Editor in 0.53 ms, found 2 plugins.
Preloading 0 native plugins for Editor in 0.00 ms.
Mono: successfully reloaded assembly
- Completed reload, in  2.473 seconds
Domain Reload Profiling:
	ReloadAssembly (2476ms)
		BeginReloadAssembly (295ms)
			ExecutionOrderSort (0ms)
			DisableScriptedObjects (34ms)
			BackupInstance (0ms)
			ReleaseScriptingObjects (0ms)
			CreateAndSetChildDomain (83ms)
		EndReloadAssembly (1943ms)
			LoadAssemblies (135ms)
			RebuildTransferFunctionScriptingTraits (0ms)
			SetupTypeCache (352ms)
			ReleaseScriptCaches (1ms)
			RebuildScriptCaches (49ms)
			SetupLoadedEditorAssemblies (1235ms)
				LogAssemblyErrors (0ms)
				InitializePlatformSupportModulesInManaged (85ms)
				SetLoadedEditorAssemblies (1ms)
				RefreshPlugins (1ms)
				BeforeProcessingInitializeOnLoad (114ms)
				ProcessInitializeOnLoadAttributes (911ms)
				ProcessInitializeOnLoadMethodAttributes (122ms)
				AfterProcessingInitializeOnLoad (1ms)
				EditorAssembliesLoaded (0ms)
			ExecutionOrderSort2 (0ms)
			AwakeInstancesAfterBackupRestoration (11ms)
Platform modules already initialized, skipping
Refreshing native plugins compatible for Editor in 1.55 ms, found 2 plugins.
Preloading 0 native plugins for Editor in 0.00 ms.
Unloading 3401 Unused Serialized files (Serialized files now loaded: 0)
Unloading 20 unused Assets / (72.7 KB). Loaded Objects now: 3913.
Memory consumption went from 240.4 MB to 240.3 MB.
Total: 2.915042 ms (FindLiveObjects: 0.184583 ms CreateObjectMapping: 0.074333 ms MarkObjects: 2.562250 ms  DeleteObjects: 0.092708 ms)

AssetImportParameters requested are different than current active one (requested -> active):
  custom:video-decoder-ogg-theora: a1e56fd34408186e4bbccfd4996cb3dc -> 
  custom:container-muxer-webm: aa71ff27fc2769a1b78a27578f13a17b -> 
  custom:container-demuxer-webm: 4f35f7cbe854078d1ac9338744f61a02 -> 
  custom:video-encoder-webm-vp8: eb34c28f22e8b96e1ab97ce403110664 -> 
  custom:framework-osx-AVFoundation: e770b220cccbd017edd2c1fefb359320 -> 
  custom:audio-encoder-webm-vorbis: bf7c407c2cedff20999df2af8eb42d56 -> 
  custom:container-demuxer-ogg: 62fdf1f143b41e24485cea50d1cbac27 -> 
  custom:video-decoder-webm-vp8: 9c59270c3fd7afecdb556c50c9e8de78 -> 
  custom:audio-decoder-ogg-vorbis: bf7c407c2cedff20999df2af8eb42d56 -> 
========================================================================
Received Import Request.
  Time since last request: 42.641285 seconds.
  path: Assets/Sci_Fi_Character_08/Mesh/Sci_Fi_Character_08_Arms.FBX
  artifactKey: Guid(e88dcd6540285124689c0a7131b21fbe) Importer(815301076,1909f56bfc062723c751e8b465ee728b)
Start importing Assets/Sci_Fi_Character_08/Mesh/Sci_Fi_Character_08_Arms.FBX using Guid(e88dcd6540285124689c0a7131b21fbe) Importer(815301076,1909f56bfc062723c751e8b465ee728b)  -> (artifact id: '865394f0a248ac0f4c13dfbc91c64478') in 1.012049 seconds 
========================================================================
Received Import Request.
  Time since last request: 19.086457 seconds.
  path: Assets/Scenes/SampleScene.unity
  artifactKey: Guid(9fc0d4010bbf28b4594072e72b8655ab) Importer(815301076,1909f56bfc062723c751e8b465ee728b)
Start importing Assets/Scenes/SampleScene.unity using Guid(9fc0d4010bbf28b4594072e72b8655ab) Importer(815301076,1909f56bfc062723c751e8b465ee728b)  -> (artifact id: 'a9669172c9ad9d0e48fb048cebe95d26') in 0.004478 seconds 
========================================================================
Received Import Request.
  Time since last request: 15.739195 seconds.
  path: Assets/Sci_Fi_Character_08/Materials/Stand/Stand.mat
  artifactKey: Guid(40b670e846ef7764086cbae98510396b) Importer(815301076,1909f56bfc062723c751e8b465ee728b)
Start importing Assets/Sci_Fi_Character_08/Materials/Stand/Stand.mat using Guid(40b670e846ef7764086cbae98510396b) Importer(815301076,1909f56bfc062723c751e8b465ee728b)  -> (artifact id: '4798533cfcfe25421393430e256e6cc8') in 0.275882 seconds 
========================================================================
Received Import Request.
  Time since last request: 1.016850 seconds.
  path: Assets/Sci_Fi_Character_08/Materials/Sniper_Rifle/Sniper_Rifle_01.mat
  artifactKey: Guid(976c28b9735e83c4ca0f371653414029) Importer(815301076,1909f56bfc062723c751e8b465ee728b)
Start importing Assets/Sci_Fi_Character_08/Materials/Sniper_Rifle/Sniper_Rifle_01.mat using Guid(976c28b9735e83c4ca0f371653414029) Importer(815301076,1909f56bfc062723c751e8b465ee728b)  -> (artifact id: '43e818bc0ea8bd7551bcad67f99fd73f') in 0.182291 seconds 
========================================================================
Received Import Request.
  Time since last request: 0.000053 seconds.
  path: Assets/Sci_Fi_Character_08/Materials/Sniper_Rifle/Sniper_Rifle_Cloth_03.mat
  artifactKey: Guid(a57a734db9061104bafffa4d48babb79) Importer(815301076,1909f56bfc062723c751e8b465ee728b)
Start importing Assets/Sci_Fi_Character_08/Materials/Sniper_Rifle/Sniper_Rifle_Cloth_03.mat using Guid(a57a734db9061104bafffa4d48babb79) Importer(815301076,1909f56bfc062723c751e8b465ee728b)  -> (artifact id: '0afe27b726ae2a830af5ba5e19e64b4a') in 0.362289 seconds 
========================================================================
Received Import Request.
  Time since last request: 0.000064 seconds.
  path: Assets/Sci_Fi_Character_08/Materials/Sniper_Rifle/Sniper_Rifle_03.mat
  artifactKey: Guid(2a8c3927022e9364cbf00e30f96e9e45) Importer(815301076,1909f56bfc062723c751e8b465ee728b)
Start importing Assets/Sci_Fi_Character_08/Materials/Sniper_Rifle/Sniper_Rifle_03.mat using Guid(2a8c3927022e9364cbf00e30f96e9e45) Importer(815301076,1909f56bfc062723c751e8b465ee728b)  -> (artifact id: '04e96675da93d20d8f7b34002cae25c5') in 0.056672 seconds 
========================================================================
Received Import Request.
  Time since last request: 0.486033 seconds.
  path: Assets/Sci_Fi_Character_08/Materials/Head/Sci_Fi_Character_08_Head_01.mat
  artifactKey: Guid(3944885e2ed7e67418a682b36827e6b2) Importer(815301076,1909f56bfc062723c751e8b465ee728b)
Start importing Assets/Sci_Fi_Character_08/Materials/Head/Sci_Fi_Character_08_Head_01.mat using Guid(3944885e2ed7e67418a682b36827e6b2) Importer(815301076,1909f56bfc062723c751e8b465ee728b)  -> (artifact id: 'd2891c0e85b7c81cdf39042c37a91df9') in 0.084414 seconds 
========================================================================
Received Import Request.
  Time since last request: 0.000053 seconds.
  path: Assets/Sci_Fi_Character_08/Materials/Head/Sci_Fi_Character_08_Head_04.mat
  artifactKey: Guid(8fff8cc442662c949bb1a55b3023dbdf) Importer(815301076,1909f56bfc062723c751e8b465ee728b)
Start importing Assets/Sci_Fi_Character_08/Materials/Head/Sci_Fi_Character_08_Head_04.mat using Guid(8fff8cc442662c949bb1a55b3023dbdf) Importer(815301076,1909f56bfc062723c751e8b465ee728b)  -> (artifact id: 'e884053cd3bb1a1d64e2521cc03e1a10') in 0.070247 seconds 
========================================================================
Received Import Request.
  Time since last request: 0.000053 seconds.
  path: Assets/Sci_Fi_Character_08/Materials/Head/Sci_Fi_Character_08_Head_06.mat
  artifactKey: Guid(3cd289058e5974e43b76ffe516d81f57) Importer(815301076,1909f56bfc062723c751e8b465ee728b)
Start importing Assets/Sci_Fi_Character_08/Materials/Head/Sci_Fi_Character_08_Head_06.mat using Guid(3cd289058e5974e43b76ffe516d81f57) Importer(815301076,1909f56bfc062723c751e8b465ee728b)  -> (artifact id: 'f3b9c5f881050fe2bfb7afaee60e37cd') in 0.064763 seconds 
========================================================================
Received Import Request.
  Time since last request: 3.833781 seconds.
  path: Assets/Sci_Fi_Character_08/Mesh
  artifactKey: Guid(06b419e5aef6ae14ea27ade0b9e863e9) Importer(815301076,1909f56bfc062723c751e8b465ee728b)
Start importing Assets/Sci_Fi_Character_08/Mesh using Guid(06b419e5aef6ae14ea27ade0b9e863e9) Importer(815301076,1909f56bfc062723c751e8b465ee728b)  -> (artifact id: '0214249160e89f72d8b0328b97aa8720') in 0.001288 seconds 
========================================================================
Received Import Request.
  Time since last request: 3.215434 seconds.
  path: Assets/Sci_Fi_Character_08/Mesh/Sniper_Rifle.FBX
  artifactKey: Guid(7a87af26307813a499463f5a002b764d) Importer(815301076,1909f56bfc062723c751e8b465ee728b)
Start importing Assets/Sci_Fi_Character_08/Mesh/Sniper_Rifle.FBX using Guid(7a87af26307813a499463f5a002b764d) Importer(815301076,1909f56bfc062723c751e8b465ee728b)  -> (artifact id: '5c186aa2ddb7fa6b5feb4c8bcf29fe14') in 0.201718 seconds 
========================================================================
Received Import Request.
  Time since last request: 126.538315 seconds.
  path: Assets/Sci_Fi_Character_08/Materials/Details/Sci_Fi_Character_08_Details_01.mat
  artifactKey: Guid(dbab803476607b44eb7b341e6321ee22) Importer(815301076,1909f56bfc062723c751e8b465ee728b)
Start importing Assets/Sci_Fi_Character_08/Materials/Details/Sci_Fi_Character_08_Details_01.mat using Guid(dbab803476607b44eb7b341e6321ee22) Importer(815301076,1909f56bfc062723c751e8b465ee728b)  -> (artifact id: '27e7a4c9c7c41262989aa9cb9557b88d') in 0.086270 seconds 
========================================================================
Received Import Request.
  Time since last request: 74.073369 seconds.
  path: Assets/Sci_Fi_Character_08/Textures/Body
  artifactKey: Guid(0b611c35db2480d4b9f9118079bff709) Importer(815301076,1909f56bfc062723c751e8b465ee728b)
Start importing Assets/Sci_Fi_Character_08/Textures/Body using Guid(0b611c35db2480d4b9f9118079bff709) Importer(815301076,1909f56bfc062723c751e8b465ee728b)  -> (artifact id: '0913149e8508723510f38511c7ec66b7') in 0.001211 seconds 
========================================================================
Received Import Request.
  Time since last request: 0.822243 seconds.
  path: Assets/Sci_Fi_Character_08/Textures/Body/Sci_Fi_Character_08_Body_Albedo_01.tga
  artifactKey: Guid(a1147c594d4947047b6499fc821b5e4f) Importer(815301076,1909f56bfc062723c751e8b465ee728b)
Start importing Assets/Sci_Fi_Character_08/Textures/Body/Sci_Fi_Character_08_Body_Albedo_01.tga using Guid(a1147c594d4947047b6499fc821b5e4f) Importer(815301076,1909f56bfc062723c751e8b465ee728b)  -> (artifact id: '8bf0405d20489a61bd5db029cc9d72ad') in 0.764651 seconds 
========================================================================
Received Import Request.
  Time since last request: 0.000077 seconds.
  path: Assets/Sci_Fi_Character_08/Textures/Body/Sci_Fi_Character_08_Body_Albedo_03.tga
  artifactKey: Guid(285ef96cde3e1c34c91cd66be85d17d1) Importer(815301076,1909f56bfc062723c751e8b465ee728b)
Start importing Assets/Sci_Fi_Character_08/Textures/Body/Sci_Fi_Character_08_Body_Albedo_03.tga using Guid(285ef96cde3e1c34c91cd66be85d17d1) Importer(815301076,1909f56bfc062723c751e8b465ee728b)  -> (artifact id: 'a8ffb9d1741db014c8e6cdc2426514b0') in 0.017961 seconds 
========================================================================
Received Import Request.
  Time since last request: 0.000074 seconds.
  path: Assets/Sci_Fi_Character_08/Textures/Body/Sci_Fi_Character_08_Body_Normals.tga
  artifactKey: Guid(308aae94a5308ae42ba4c951eb11071b) Importer(815301076,1909f56bfc062723c751e8b465ee728b)
Start importing Assets/Sci_Fi_Character_08/Textures/Body/Sci_Fi_Character_08_Body_Normals.tga using Guid(308aae94a5308ae42ba4c951eb11071b) Importer(815301076,1909f56bfc062723c751e8b465ee728b)  -> (artifact id: '6ac35e65b22eb5be18b3dbf763289d78') in 0.060459 seconds 
========================================================================
Received Import Request.
  Time since last request: 80.536715 seconds.
  path: Assets/Sci_Fi_Character_08/Textures/Details/Sci_Fi_Character_08_Details_Albedo_01.tga
  artifactKey: Guid(1a8bf427d4407334a886a3f6298f1621) Importer(815301076,1909f56bfc062723c751e8b465ee728b)
Start importing Assets/Sci_Fi_Character_08/Textures/Details/Sci_Fi_Character_08_Details_Albedo_01.tga using Guid(1a8bf427d4407334a886a3f6298f1621) Importer(815301076,1909f56bfc062723c751e8b465ee728b)  -> (artifact id: '0e9ba34eeb94bfeaf19d5553cea23851') in 0.026826 seconds 
========================================================================
Received Import Request.
  Time since last request: 0.000057 seconds.
  path: Assets/Sci_Fi_Character_08/Textures/Details/Sci_Fi_Character_08_Details_Albedo_03.tga
  artifactKey: Guid(0c2fcb0b66102d74da20c6601234cef0) Importer(815301076,1909f56bfc062723c751e8b465ee728b)
Start importing Assets/Sci_Fi_Character_08/Textures/Details/Sci_Fi_Character_08_Details_Albedo_03.tga using Guid(0c2fcb0b66102d74da20c6601234cef0) Importer(815301076,1909f56bfc062723c751e8b465ee728b)  -> (artifact id: 'b83818e484ee81b64225fbdcdde56b76') in 0.015658 seconds 
========================================================================
Received Import Request.
  Time since last request: 0.000074 seconds.
  path: Assets/Sci_Fi_Character_08/Textures/Details/Sci_Fi_Character_08_Details_Normals.tga
  artifactKey: Guid(5fb7d2e0bf90c36498559b5a9072960a) Importer(815301076,1909f56bfc062723c751e8b465ee728b)
Start importing Assets/Sci_Fi_Character_08/Textures/Details/Sci_Fi_Character_08_Details_Normals.tga using Guid(5fb7d2e0bf90c36498559b5a9072960a) Importer(815301076,1909f56bfc062723c751e8b465ee728b)  -> (artifact id: '29718351f95b33ef40a9da959549f19c') in 0.022731 seconds 
========================================================================
Received Prepare
Registering precompiled user dll's ...
Registered in 0.002446 seconds.
Begin MonoManager ReloadAssembly
Symbol file LoadedFromMemory doesn't match image /Users/arolandelli/Documents/GitHub/VJ-TP/VJ-TP/Library/PackageCache/com.unity.visualscripting@1.7.8/Editor/VisualScripting.Core/Dependencies/YamlDotNet/Unity.VisualScripting.YamlDotNet.dll
Symbol file LoadedFromMemory doesn't match image /Users/arolandelli/Documents/GitHub/VJ-TP/VJ-TP/Library/PackageCache/com.unity.visualscripting@1.7.8/Editor/VisualScripting.Core/Dependencies/DotNetZip/Unity.VisualScripting.IonicZip.dll
Native extension for iOS target not found
Native extension for OSXStandalone target not found
Refreshing native plugins compatible for Editor in 0.54 ms, found 2 plugins.
Preloading 0 native plugins for Editor in 0.00 ms.
Mono: successfully reloaded assembly
- Completed reload, in  2.419 seconds
Domain Reload Profiling:
	ReloadAssembly (2421ms)
		BeginReloadAssembly (262ms)
			ExecutionOrderSort (0ms)
			DisableScriptedObjects (34ms)
			BackupInstance (0ms)
			ReleaseScriptingObjects (0ms)
			CreateAndSetChildDomain (63ms)
		EndReloadAssembly (1921ms)
			LoadAssemblies (119ms)
			RebuildTransferFunctionScriptingTraits (0ms)
			SetupTypeCache (341ms)
			ReleaseScriptCaches (1ms)
			RebuildScriptCaches (48ms)
			SetupLoadedEditorAssemblies (1229ms)
				LogAssemblyErrors (0ms)
				InitializePlatformSupportModulesInManaged (85ms)
				SetLoadedEditorAssemblies (1ms)
				RefreshPlugins (1ms)
				BeforeProcessingInitializeOnLoad (115ms)
				ProcessInitializeOnLoadAttributes (901ms)
				ProcessInitializeOnLoadMethodAttributes (124ms)
				AfterProcessingInitializeOnLoad (1ms)
				EditorAssembliesLoaded (0ms)
			ExecutionOrderSort2 (0ms)
			AwakeInstancesAfterBackupRestoration (12ms)
Platform modules already initialized, skipping
Refreshing native plugins compatible for Editor in 1.05 ms, found 2 plugins.
Preloading 0 native plugins for Editor in 0.00 ms.
Unloading 3401 Unused Serialized files (Serialized files now loaded: 0)
Unloading 20 unused Assets / (72.7 KB). Loaded Objects now: 3925.
Memory consumption went from 262.6 MB to 262.5 MB.
Total: 2.497542 ms (FindLiveObjects: 0.196208 ms CreateObjectMapping: 0.074125 ms MarkObjects: 2.141000 ms  DeleteObjects: 0.085459 ms)

AssetImportParameters requested are different than current active one (requested -> active):
  custom:video-decoder-ogg-theora: a1e56fd34408186e4bbccfd4996cb3dc -> 
  custom:container-muxer-webm: aa71ff27fc2769a1b78a27578f13a17b -> 
  custom:container-demuxer-webm: 4f35f7cbe854078d1ac9338744f61a02 -> 
  custom:video-encoder-webm-vp8: eb34c28f22e8b96e1ab97ce403110664 -> 
  custom:framework-osx-AVFoundation: e770b220cccbd017edd2c1fefb359320 -> 
  custom:audio-encoder-webm-vorbis: bf7c407c2cedff20999df2af8eb42d56 -> 
  custom:container-demuxer-ogg: 62fdf1f143b41e24485cea50d1cbac27 -> 
  custom:video-decoder-webm-vp8: 9c59270c3fd7afecdb556c50c9e8de78 -> 
  custom:audio-decoder-ogg-vorbis: bf7c407c2cedff20999df2af8eb42d56 -> 
========================================================================
Received Prepare
Registering precompiled user dll's ...
Registered in 0.002646 seconds.
Begin MonoManager ReloadAssembly
Symbol file LoadedFromMemory doesn't match image /Users/arolandelli/Documents/GitHub/VJ-TP/VJ-TP/Library/PackageCache/com.unity.visualscripting@1.7.8/Editor/VisualScripting.Core/Dependencies/YamlDotNet/Unity.VisualScripting.YamlDotNet.dll
Symbol file LoadedFromMemory doesn't match image /Users/arolandelli/Documents/GitHub/VJ-TP/VJ-TP/Library/PackageCache/com.unity.visualscripting@1.7.8/Editor/VisualScripting.Core/Dependencies/DotNetZip/Unity.VisualScripting.IonicZip.dll
Native extension for iOS target not found
Native extension for OSXStandalone target not found
Refreshing native plugins compatible for Editor in 0.57 ms, found 2 plugins.
Preloading 0 native plugins for Editor in 0.00 ms.
Mono: successfully reloaded assembly
- Completed reload, in  2.410 seconds
Domain Reload Profiling:
	ReloadAssembly (2413ms)
		BeginReloadAssembly (266ms)
			ExecutionOrderSort (0ms)
			DisableScriptedObjects (39ms)
			BackupInstance (0ms)
			ReleaseScriptingObjects (0ms)
			CreateAndSetChildDomain (60ms)
		EndReloadAssembly (1910ms)
			LoadAssemblies (118ms)
			RebuildTransferFunctionScriptingTraits (0ms)
			SetupTypeCache (336ms)
			ReleaseScriptCaches (1ms)
			RebuildScriptCaches (49ms)
			SetupLoadedEditorAssemblies (1226ms)
				LogAssemblyErrors (0ms)
				InitializePlatformSupportModulesInManaged (88ms)
				SetLoadedEditorAssemblies (1ms)
				RefreshPlugins (1ms)
				BeforeProcessingInitializeOnLoad (110ms)
				ProcessInitializeOnLoadAttributes (878ms)
				ProcessInitializeOnLoadMethodAttributes (148ms)
				AfterProcessingInitializeOnLoad (1ms)
				EditorAssembliesLoaded (0ms)
			ExecutionOrderSort2 (0ms)
			AwakeInstancesAfterBackupRestoration (12ms)
Platform modules already initialized, skipping
Refreshing native plugins compatible for Editor in 1.02 ms, found 2 plugins.
Preloading 0 native plugins for Editor in 0.00 ms.
Unloading 3401 Unused Serialized files (Serialized files now loaded: 0)
Unloading 20 unused Assets / (72.7 KB). Loaded Objects now: 3928.
Memory consumption went from 262.8 MB to 262.7 MB.
Total: 2.521458 ms (FindLiveObjects: 0.195209 ms CreateObjectMapping: 0.085167 ms MarkObjects: 2.161833 ms  DeleteObjects: 0.078417 ms)

AssetImportParameters requested are different than current active one (requested -> active):
  custom:video-decoder-ogg-theora: a1e56fd34408186e4bbccfd4996cb3dc -> 
  custom:container-muxer-webm: aa71ff27fc2769a1b78a27578f13a17b -> 
  custom:container-demuxer-webm: 4f35f7cbe854078d1ac9338744f61a02 -> 
  custom:video-encoder-webm-vp8: eb34c28f22e8b96e1ab97ce403110664 -> 
  custom:framework-osx-AVFoundation: e770b220cccbd017edd2c1fefb359320 -> 
  custom:audio-encoder-webm-vorbis: bf7c407c2cedff20999df2af8eb42d56 -> 
  custom:container-demuxer-ogg: 62fdf1f143b41e24485cea50d1cbac27 -> 
  custom:video-decoder-webm-vp8: 9c59270c3fd7afecdb556c50c9e8de78 -> 
  custom:audio-decoder-ogg-vorbis: bf7c407c2cedff20999df2af8eb42d56 -> 
========================================================================
Received Import Request.
  Time since last request: 420.073652 seconds.
  path: Assets/Sci_Fi_Character_08/Textures/Head/Sci_FI_Character_08_Head_Albedo_01.tga
  artifactKey: Guid(999b40eed049cb14d9b44aeba68b92b9) Importer(815301076,1909f56bfc062723c751e8b465ee728b)
Start importing Assets/Sci_Fi_Character_08/Textures/Head/Sci_FI_Character_08_Head_Albedo_01.tga using Guid(999b40eed049cb14d9b44aeba68b92b9) Importer(815301076,1909f56bfc062723c751e8b465ee728b)  -> (artifact id: 'a58c1c40c7510d623dfc167dbbfa7fd6') in 0.121875 seconds 
========================================================================
Received Import Request.
  Time since last request: 0.000073 seconds.
  path: Assets/Sci_Fi_Character_08/Textures/Head/Sci_FI_Character_08_Head_Metallic.tga
  artifactKey: Guid(00d3956e191e0cf44a4617be664cd697) Importer(815301076,1909f56bfc062723c751e8b465ee728b)
Start importing Assets/Sci_Fi_Character_08/Textures/Head/Sci_FI_Character_08_Head_Metallic.tga using Guid(00d3956e191e0cf44a4617be664cd697) Importer(815301076,1909f56bfc062723c751e8b465ee728b)  -> (artifact id: 'a66049859a1a6fc95b968528fe44c0ba') in 0.038667 seconds 
========================================================================
Received Import Request.
  Time since last request: 0.000063 seconds.
  path: Assets/Sci_Fi_Character_08/Textures/Head/Sci_FI_Character_08_Head_Ao.tga
  artifactKey: Guid(367eb290efa0fb347a859edce724201c) Importer(815301076,1909f56bfc062723c751e8b465ee728b)
Start importing Assets/Sci_Fi_Character_08/Textures/Head/Sci_FI_Character_08_Head_Ao.tga using Guid(367eb290efa0fb347a859edce724201c) Importer(815301076,1909f56bfc062723c751e8b465ee728b)  -> (artifact id: 'bfb4e98103f71a03493c931eb68a3003') in 0.035514 seconds 
========================================================================
Received Import Request.
  Time since last request: 0.000152 seconds.
  path: Assets/Sci_Fi_Character_08/Textures/Head/Sci_FI_Character_08_Head_Albedo_04.tga
  artifactKey: Guid(f33839e0ee502ac439db5c28799a5eb4) Importer(815301076,1909f56bfc062723c751e8b465ee728b)
Start importing Assets/Sci_Fi_Character_08/Textures/Head/Sci_FI_Character_08_Head_Albedo_04.tga using Guid(f33839e0ee502ac439db5c28799a5eb4) Importer(815301076,1909f56bfc062723c751e8b465ee728b)  -> (artifact id: '8b34fd8d8e5a754bd05a981c33e93ca0') in 0.016710 seconds 
========================================================================
Received Import Request.
  Time since last request: 0.000076 seconds.
  path: Assets/Sci_Fi_Character_08/Textures/Head/Sci_FI_Character_08_Head_Albedo_03.tga
  artifactKey: Guid(dbf1a28e4e0fdaf4680e154a73d3d994) Importer(815301076,1909f56bfc062723c751e8b465ee728b)
Start importing Assets/Sci_Fi_Character_08/Textures/Head/Sci_FI_Character_08_Head_Albedo_03.tga using Guid(dbf1a28e4e0fdaf4680e154a73d3d994) Importer(815301076,1909f56bfc062723c751e8b465ee728b)  -> (artifact id: 'bfe9c9e53761ec555a0bd322eea02dbd') in 0.015897 seconds 
========================================================================
Received Import Request.
  Time since last request: 0.000054 seconds.
  path: Assets/Sci_Fi_Character_08/Textures/Head/Sci_FI_Character_08_Head_Emissive.tga
  artifactKey: Guid(1ce53e215a57fdb4a9b227fdd578dd37) Importer(815301076,1909f56bfc062723c751e8b465ee728b)
Start importing Assets/Sci_Fi_Character_08/Textures/Head/Sci_FI_Character_08_Head_Emissive.tga using Guid(1ce53e215a57fdb4a9b227fdd578dd37) Importer(815301076,1909f56bfc062723c751e8b465ee728b)  -> (artifact id: 'b47837e54cc2b37390b78e82e44a61ef') in 0.015847 seconds 
========================================================================
Received Import Request.
  Time since last request: 6.550697 seconds.
  path: Assets/Sci_Fi_Character_08/Textures/Sniper_Rifle/Sniper_Rifle_Albedo_01.tga
  artifactKey: Guid(aeec54d9902d5ce409ce45530cbd42c1) Importer(815301076,1909f56bfc062723c751e8b465ee728b)
Start importing Assets/Sci_Fi_Character_08/Textures/Sniper_Rifle/Sniper_Rifle_Albedo_01.tga using Guid(aeec54d9902d5ce409ce45530cbd42c1) Importer(815301076,1909f56bfc062723c751e8b465ee728b)  -> (artifact id: 'e4d10b98050668e1d5fd2741e1dc47dd') in 0.019984 seconds 
========================================================================
Received Import Request.
  Time since last request: 0.000046 seconds.
  path: Assets/Sci_Fi_Character_08/Textures/Sniper_Rifle/Sniper_Rifle_Normals.tga
  artifactKey: Guid(0103b09fdea500844b2b7d5f7c7efd1e) Importer(815301076,1909f56bfc062723c751e8b465ee728b)
Start importing Assets/Sci_Fi_Character_08/Textures/Sniper_Rifle/Sniper_Rifle_Normals.tga using Guid(0103b09fdea500844b2b7d5f7c7efd1e) Importer(815301076,1909f56bfc062723c751e8b465ee728b)  -> (artifact id: 'd9f322b1f5439257a334a762abe0ff32') in 0.029444 seconds 
========================================================================
Received Import Request.
  Time since last request: 0.000064 seconds.
  path: Assets/Sci_Fi_Character_08/Textures/Sniper_Rifle/Sniper_Rifle_Cloth_Albedo_03.tga
  artifactKey: Guid(6475a532ed74a1c438e77099f511f97f) Importer(815301076,1909f56bfc062723c751e8b465ee728b)
Start importing Assets/Sci_Fi_Character_08/Textures/Sniper_Rifle/Sniper_Rifle_Cloth_Albedo_03.tga using Guid(6475a532ed74a1c438e77099f511f97f) Importer(815301076,1909f56bfc062723c751e8b465ee728b)  -> (artifact id: 'bfd02c95ec69717495c259d7b42461a5') in 0.022298 seconds 
========================================================================
Received Import Request.
  Time since last request: 0.000050 seconds.
  path: Assets/Sci_Fi_Character_08/Textures/Sniper_Rifle/Sniper_Rifle_Cloth_Normals.tga
  artifactKey: Guid(7b7173dfa2b0d5440a5a893eb06c4fce) Importer(815301076,1909f56bfc062723c751e8b465ee728b)
Start importing Assets/Sci_Fi_Character_08/Textures/Sniper_Rifle/Sniper_Rifle_Cloth_Normals.tga using Guid(7b7173dfa2b0d5440a5a893eb06c4fce) Importer(815301076,1909f56bfc062723c751e8b465ee728b)  -> (artifact id: '0c57eb7f56f3a2bbc14f4a37ca4d6db9') in 0.023924 seconds 
========================================================================
Received Import Request.
  Time since last request: 0.000077 seconds.
  path: Assets/Sci_Fi_Character_08/Textures/Sniper_Rifle/Sniper_Rifle_Cloth_Metallic.tga
  artifactKey: Guid(cf5173d4d3012da488f31023df42dd39) Importer(815301076,1909f56bfc062723c751e8b465ee728b)
Start importing Assets/Sci_Fi_Character_08/Textures/Sniper_Rifle/Sniper_Rifle_Cloth_Metallic.tga using Guid(cf5173d4d3012da488f31023df42dd39) Importer(815301076,1909f56bfc062723c751e8b465ee728b)  -> (artifact id: 'de71d61e623bc2d58b4f2b7ffd1b5e1c') in 0.023132 seconds 
========================================================================
Received Import Request.
  Time since last request: 0.000065 seconds.
  path: Assets/Sci_Fi_Character_08/Textures/Sniper_Rifle/Sniper_Rifle_Albedo_03.tga
  artifactKey: Guid(c0b86ed39b70892408f87bb4c2563cb5) Importer(815301076,1909f56bfc062723c751e8b465ee728b)
Start importing Assets/Sci_Fi_Character_08/Textures/Sniper_Rifle/Sniper_Rifle_Albedo_03.tga using Guid(c0b86ed39b70892408f87bb4c2563cb5) Importer(815301076,1909f56bfc062723c751e8b465ee728b)  -> (artifact id: 'c2587cd2bf170c488e833b71e419fefc') in 0.016276 seconds 
