Unity Editor version:    2021.3.10f1 (1c7d0df0160b)
Branch:                  2021.3/staging
Build type:              Release
Batch mode:              YES
macOS version:           Version 12.6 (Build 21G115)
Darwin version:          21.6.0
Architecture:            x86_64
Running under Rosetta:   YES
Available memory:        32768 MB
Using pre-set license
Pro License: YES

COMMAND LINE ARGUMENTS:
/Applications/Unity/Hub/Editor/2021.3.10f1/Unity.app/Contents/MacOS/Unity
-adb2
-batchMode
-noUpm
-name
AssetImportWorker1
-projectPath
/Users/arolandelli/Documents/GitHub/VJ-TP/VJ-TP
-logFile
Logs/AssetImportWorker1.log
-srvPort
55943
Successfully changed project path to: /Users/arolandelli/Documents/GitHub/VJ-TP/VJ-TP
/Users/arolandelli/Documents/GitHub/VJ-TP/VJ-TP
[UnityMemory] Configuration Parameters - Can be set up in boot.config
    "memorysetup-bucket-allocator-granularity=16"
    "memorysetup-bucket-allocator-bucket-count=8"
    "memorysetup-bucket-allocator-block-size=33554432"
    "memorysetup-bucket-allocator-block-count=8"
    "memorysetup-main-allocator-block-size=16777216"
    "memorysetup-thread-allocator-block-size=16777216"
    "memorysetup-gfx-main-allocator-block-size=16777216"
    "memorysetup-gfx-thread-allocator-block-size=16777216"
    "memorysetup-cache-allocator-block-size=4194304"
    "memorysetup-typetree-allocator-block-size=2097152"
    "memorysetup-profiler-bucket-allocator-granularity=16"
    "memorysetup-profiler-bucket-allocator-bucket-count=8"
    "memorysetup-profiler-bucket-allocator-block-size=33554432"
    "memorysetup-profiler-bucket-allocator-block-count=8"
    "memorysetup-profiler-allocator-block-size=16777216"
    "memorysetup-profiler-editor-allocator-block-size=1048576"
    "memorysetup-temp-allocator-size-main=16777216"
    "memorysetup-job-temp-allocator-block-size=2097152"
    "memorysetup-job-temp-allocator-block-size-background=1048576"
    "memorysetup-job-temp-allocator-reduction-small-platforms=262144"
    "memorysetup-temp-allocator-size-background-worker=32768"
    "memorysetup-temp-allocator-size-job-worker=262144"
    "memorysetup-temp-allocator-size-preload-manager=33554432"
    "memorysetup-temp-allocator-size-nav-mesh-worker=65536"
    "memorysetup-temp-allocator-size-audio-worker=65536"
    "memorysetup-temp-allocator-size-cloud-worker=32768"
    "memorysetup-temp-allocator-size-gi-baking-worker=262144"
    "memorysetup-temp-allocator-size-gfx=262144"
Refreshing native plugins compatible for Editor in 98.38 ms, found 2 plugins.
Preloading 0 native plugins for Editor in 0.00 ms.
Initialize engine version: 2021.3.10f1 (1c7d0df0160b)
[Subsystems] Discovering subsystems at path /Applications/Unity/Hub/Editor/2021.3.10f1/Unity.app/Contents/Resources/UnitySubsystems
[Subsystems] Discovering subsystems at path /Users/arolandelli/Documents/GitHub/VJ-TP/VJ-TP/Assets
GfxDevice: creating device client; threaded=0; jobified=0
 preferred device: Apple M1 Max (high power)
Metal devices available: 1
0: Apple M1 Max (high power)
Using device Apple M1 Max (high power)
Initializing Metal device caps: Apple M1 Max
Initialize mono
Mono path[0] = '/Applications/Unity/Hub/Editor/2021.3.10f1/Unity.app/Contents/Managed'
Mono path[1] = '/Applications/Unity/Hub/Editor/2021.3.10f1/Unity.app/Contents/MonoBleedingEdge/lib/mono/unityjit-macos'
Mono config path = '/Applications/Unity/Hub/Editor/2021.3.10f1/Unity.app/Contents/MonoBleedingEdge/etc'
Using monoOptions --debugger-agent=transport=dt_socket,embedding=1,server=y,suspend=n,address=127.0.0.1:56438
Begin MonoManager ReloadAssembly
Registering precompiled unity dll's ...
Register platform support module: /Applications/Unity/Hub/Editor/2021.3.10f1/Unity.app/Contents/PlaybackEngines/MacStandaloneSupport/UnityEditor.OSXStandalone.Extensions.dll
Register platform support module: /Applications/Unity/Hub/Editor/2021.3.10f1/PlaybackEngines/iOSSupport/UnityEditor.iOS.Extensions.dll
Registered in 0.000709 seconds.
[usbmuxd] Start listen thread
[usbmuxd] Listen thread started
[usbmuxd] Send listen message
Native extension for iOS target not found
Native extension for OSXStandalone target not found
Refreshing native plugins compatible for Editor in 99.18 ms, found 2 plugins.
Preloading 0 native plugins for Editor in 0.00 ms.
Mono: successfully reloaded assembly
- Completed reload, in  1.552 seconds
Domain Reload Profiling:
	ReloadAssembly (1553ms)
		BeginReloadAssembly (138ms)
			ExecutionOrderSort (0ms)
			DisableScriptedObjects (0ms)
			BackupInstance (0ms)
			ReleaseScriptingObjects (0ms)
			CreateAndSetChildDomain (3ms)
		EndReloadAssembly (1190ms)
			LoadAssemblies (137ms)
			RebuildTransferFunctionScriptingTraits (0ms)
			SetupTypeCache (141ms)
			ReleaseScriptCaches (0ms)
			RebuildScriptCaches (34ms)
			SetupLoadedEditorAssemblies (864ms)
				LogAssemblyErrors (0ms)
				InitializePlatformSupportModulesInManaged (91ms)
				SetLoadedEditorAssemblies (0ms)
				RefreshPlugins (99ms)
				BeforeProcessingInitializeOnLoad (3ms)
				ProcessInitializeOnLoadAttributes (493ms)
				ProcessInitializeOnLoadMethodAttributes (177ms)
				AfterProcessingInitializeOnLoad (0ms)
				EditorAssembliesLoaded (0ms)
			ExecutionOrderSort2 (0ms)
			AwakeInstancesAfterBackupRestoration (0ms)
Platform modules already initialized, skipping
Registering precompiled user dll's ...
Registered in 0.002494 seconds.
Begin MonoManager ReloadAssembly
Symbol file LoadedFromMemory doesn't match image /Users/arolandelli/Documents/GitHub/VJ-TP/VJ-TP/Library/PackageCache/com.unity.visualscripting@1.7.8/Editor/VisualScripting.Core/Dependencies/YamlDotNet/Unity.VisualScripting.YamlDotNet.dll
Symbol file LoadedFromMemory doesn't match image /Users/arolandelli/Documents/GitHub/VJ-TP/VJ-TP/Library/PackageCache/com.unity.visualscripting@1.7.8/Editor/VisualScripting.Core/Dependencies/DotNetZip/Unity.VisualScripting.IonicZip.dll
Native extension for iOS target not found
Native extension for OSXStandalone target not found
Refreshing native plugins compatible for Editor in 0.66 ms, found 2 plugins.
Preloading 0 native plugins for Editor in 0.00 ms.
Mono: successfully reloaded assembly
- Completed reload, in  2.464 seconds
Domain Reload Profiling:
	ReloadAssembly (2466ms)
		BeginReloadAssembly (242ms)
			ExecutionOrderSort (0ms)
			DisableScriptedObjects (38ms)
			BackupInstance (0ms)
			ReleaseScriptingObjects (0ms)
			CreateAndSetChildDomain (31ms)
		EndReloadAssembly (1929ms)
			LoadAssemblies (129ms)
			RebuildTransferFunctionScriptingTraits (0ms)
			SetupTypeCache (344ms)
			ReleaseScriptCaches (2ms)
			RebuildScriptCaches (62ms)
			SetupLoadedEditorAssemblies (1226ms)
				LogAssemblyErrors (0ms)
				InitializePlatformSupportModulesInManaged (69ms)
				SetLoadedEditorAssemblies (1ms)
				RefreshPlugins (1ms)
				BeforeProcessingInitializeOnLoad (136ms)
				ProcessInitializeOnLoadAttributes (896ms)
				ProcessInitializeOnLoadMethodAttributes (122ms)
				AfterProcessingInitializeOnLoad (1ms)
				EditorAssembliesLoaded (0ms)
			ExecutionOrderSort2 (0ms)
			AwakeInstancesAfterBackupRestoration (10ms)
Platform modules already initialized, skipping
========================================================================
Worker process is ready to serve import requests
Launching external process: /Applications/Unity/Hub/Editor/2021.3.10f1/Unity.app/Contents/Tools/UnityShaderCompiler
Launched and connected shader compiler UnityShaderCompiler after 0.07 seconds
Refreshing native plugins compatible for Editor in 0.58 ms, found 2 plugins.
Preloading 0 native plugins for Editor in 0.00 ms.
Unloading 3391 Unused Serialized files (Serialized files now loaded: 0)
Unloading 27 unused Assets / (96.9 KB). Loaded Objects now: 3848.
Memory consumption went from 230.2 MB to 230.1 MB.
Total: 3.005417 ms (FindLiveObjects: 0.193833 ms CreateObjectMapping: 0.081541 ms MarkObjects: 2.590000 ms  DeleteObjects: 0.139208 ms)

AssetImportParameters requested are different than current active one (requested -> active):
  custom:video-decoder-ogg-theora: a1e56fd34408186e4bbccfd4996cb3dc -> 
  custom:container-muxer-webm: aa71ff27fc2769a1b78a27578f13a17b -> 
  custom:container-demuxer-webm: 4f35f7cbe854078d1ac9338744f61a02 -> 
  custom:video-encoder-webm-vp8: eb34c28f22e8b96e1ab97ce403110664 -> 
  custom:framework-osx-AVFoundation: e770b220cccbd017edd2c1fefb359320 -> 
  custom:audio-encoder-webm-vorbis: bf7c407c2cedff20999df2af8eb42d56 -> 
  custom:container-demuxer-ogg: 62fdf1f143b41e24485cea50d1cbac27 -> 
  custom:video-decoder-webm-vp8: 9c59270c3fd7afecdb556c50c9e8de78 -> 
  custom:audio-decoder-ogg-vorbis: bf7c407c2cedff20999df2af8eb42d56 -> 
========================================================================
Received Import Request.
  Time since last request: 72152.494170 seconds.
  path: Assets/Scripts/Weapons
  artifactKey: Guid(e1ed4cda0e17649669d7639ff6480d37) Importer(815301076,1909f56bfc062723c751e8b465ee728b)
Start importing Assets/Scripts/Weapons using Guid(e1ed4cda0e17649669d7639ff6480d37) Importer(815301076,1909f56bfc062723c751e8b465ee728b)  -> (artifact id: 'c478475f481903540639a624e280e6bf') in 0.008856 seconds 
========================================================================
Received Prepare
Registering precompiled user dll's ...
Registered in 0.002319 seconds.
Begin MonoManager ReloadAssembly
Symbol file LoadedFromMemory doesn't match image /Users/arolandelli/Documents/GitHub/VJ-TP/VJ-TP/Library/PackageCache/com.unity.visualscripting@1.7.8/Editor/VisualScripting.Core/Dependencies/YamlDotNet/Unity.VisualScripting.YamlDotNet.dll
Symbol file LoadedFromMemory doesn't match image /Users/arolandelli/Documents/GitHub/VJ-TP/VJ-TP/Library/PackageCache/com.unity.visualscripting@1.7.8/Editor/VisualScripting.Core/Dependencies/DotNetZip/Unity.VisualScripting.IonicZip.dll
Native extension for iOS target not found
Native extension for OSXStandalone target not found
Refreshing native plugins compatible for Editor in 0.56 ms, found 2 plugins.
Preloading 0 native plugins for Editor in 0.00 ms.
Mono: successfully reloaded assembly
- Completed reload, in  2.690 seconds
Domain Reload Profiling:
	ReloadAssembly (2693ms)
		BeginReloadAssembly (360ms)
			ExecutionOrderSort (0ms)
			DisableScriptedObjects (42ms)
			BackupInstance (0ms)
			ReleaseScriptingObjects (0ms)
			CreateAndSetChildDomain (91ms)
		EndReloadAssembly (2083ms)
			LoadAssemblies (166ms)
			RebuildTransferFunctionScriptingTraits (0ms)
			SetupTypeCache (363ms)
			ReleaseScriptCaches (1ms)
			RebuildScriptCaches (49ms)
			SetupLoadedEditorAssemblies (1325ms)
				LogAssemblyErrors (0ms)
				InitializePlatformSupportModulesInManaged (92ms)
				SetLoadedEditorAssemblies (2ms)
				RefreshPlugins (1ms)
				BeforeProcessingInitializeOnLoad (115ms)
				ProcessInitializeOnLoadAttributes (969ms)
				ProcessInitializeOnLoadMethodAttributes (146ms)
				AfterProcessingInitializeOnLoad (1ms)
				EditorAssembliesLoaded (0ms)
			ExecutionOrderSort2 (0ms)
			AwakeInstancesAfterBackupRestoration (12ms)
Platform modules already initialized, skipping
Refreshing native plugins compatible for Editor in 1.15 ms, found 2 plugins.
Preloading 0 native plugins for Editor in 0.00 ms.
Unloading 3401 Unused Serialized files (Serialized files now loaded: 0)
Unloading 21 unused Assets / (72.7 KB). Loaded Objects now: 3866.
Memory consumption went from 230.7 MB to 230.6 MB.
Total: 2.979292 ms (FindLiveObjects: 0.175833 ms CreateObjectMapping: 0.070417 ms MarkObjects: 2.618292 ms  DeleteObjects: 0.114125 ms)

AssetImportParameters requested are different than current active one (requested -> active):
  custom:video-decoder-ogg-theora: a1e56fd34408186e4bbccfd4996cb3dc -> 
  custom:container-muxer-webm: aa71ff27fc2769a1b78a27578f13a17b -> 
  custom:container-demuxer-webm: 4f35f7cbe854078d1ac9338744f61a02 -> 
  custom:video-encoder-webm-vp8: eb34c28f22e8b96e1ab97ce403110664 -> 
  custom:framework-osx-AVFoundation: e770b220cccbd017edd2c1fefb359320 -> 
  custom:audio-encoder-webm-vorbis: bf7c407c2cedff20999df2af8eb42d56 -> 
  custom:container-demuxer-ogg: 62fdf1f143b41e24485cea50d1cbac27 -> 
  custom:video-decoder-webm-vp8: 9c59270c3fd7afecdb556c50c9e8de78 -> 
  custom:audio-decoder-ogg-vorbis: bf7c407c2cedff20999df2af8eb42d56 -> 
========================================================================
Received Prepare
Registering precompiled user dll's ...
Registered in 0.002157 seconds.
Begin MonoManager ReloadAssembly
Symbol file LoadedFromMemory doesn't match image /Users/arolandelli/Documents/GitHub/VJ-TP/VJ-TP/Library/PackageCache/com.unity.visualscripting@1.7.8/Editor/VisualScripting.Core/Dependencies/YamlDotNet/Unity.VisualScripting.YamlDotNet.dll
Symbol file LoadedFromMemory doesn't match image /Users/arolandelli/Documents/GitHub/VJ-TP/VJ-TP/Library/PackageCache/com.unity.visualscripting@1.7.8/Editor/VisualScripting.Core/Dependencies/DotNetZip/Unity.VisualScripting.IonicZip.dll
Native extension for iOS target not found
Native extension for OSXStandalone target not found
Refreshing native plugins compatible for Editor in 0.50 ms, found 2 plugins.
Preloading 0 native plugins for Editor in 0.00 ms.
Mono: successfully reloaded assembly
- Completed reload, in  2.559 seconds
Domain Reload Profiling:
	ReloadAssembly (2561ms)
		BeginReloadAssembly (301ms)
			ExecutionOrderSort (0ms)
			DisableScriptedObjects (41ms)
			BackupInstance (0ms)
			ReleaseScriptingObjects (0ms)
			CreateAndSetChildDomain (63ms)
		EndReloadAssembly (2011ms)
			LoadAssemblies (167ms)
			RebuildTransferFunctionScriptingTraits (0ms)
			SetupTypeCache (339ms)
			ReleaseScriptCaches (1ms)
			RebuildScriptCaches (48ms)
			SetupLoadedEditorAssemblies (1291ms)
				LogAssemblyErrors (0ms)
				InitializePlatformSupportModulesInManaged (94ms)
				SetLoadedEditorAssemblies (2ms)
				RefreshPlugins (1ms)
				BeforeProcessingInitializeOnLoad (117ms)
				ProcessInitializeOnLoadAttributes (944ms)
				ProcessInitializeOnLoadMethodAttributes (132ms)
				AfterProcessingInitializeOnLoad (1ms)
				EditorAssembliesLoaded (0ms)
			ExecutionOrderSort2 (0ms)
			AwakeInstancesAfterBackupRestoration (11ms)
Platform modules already initialized, skipping
Refreshing native plugins compatible for Editor in 1.16 ms, found 2 plugins.
Preloading 0 native plugins for Editor in 0.00 ms.
Unloading 3401 Unused Serialized files (Serialized files now loaded: 0)
Unloading 20 unused Assets / (72.6 KB). Loaded Objects now: 3869.
Memory consumption went from 230.9 MB to 230.8 MB.
Total: 2.893708 ms (FindLiveObjects: 0.176375 ms CreateObjectMapping: 0.093958 ms MarkObjects: 2.523166 ms  DeleteObjects: 0.099041 ms)

AssetImportParameters requested are different than current active one (requested -> active):
  custom:video-decoder-ogg-theora: a1e56fd34408186e4bbccfd4996cb3dc -> 
  custom:container-muxer-webm: aa71ff27fc2769a1b78a27578f13a17b -> 
  custom:container-demuxer-webm: 4f35f7cbe854078d1ac9338744f61a02 -> 
  custom:video-encoder-webm-vp8: eb34c28f22e8b96e1ab97ce403110664 -> 
  custom:framework-osx-AVFoundation: e770b220cccbd017edd2c1fefb359320 -> 
  custom:audio-encoder-webm-vorbis: bf7c407c2cedff20999df2af8eb42d56 -> 
  custom:container-demuxer-ogg: 62fdf1f143b41e24485cea50d1cbac27 -> 
  custom:video-decoder-webm-vp8: 9c59270c3fd7afecdb556c50c9e8de78 -> 
  custom:audio-decoder-ogg-vorbis: bf7c407c2cedff20999df2af8eb42d56 -> 
========================================================================
Received Import Request.
  Time since last request: 5592.003529 seconds.
  path: Assets/Sci_Fi_Character_08/Materials/Body/Sci_Fi_Character_08_Body_02.mat
  artifactKey: Guid(b40c38720e30a9f4ab9477a1291f5c21) Importer(815301076,1909f56bfc062723c751e8b465ee728b)
Start importing Assets/Sci_Fi_Character_08/Materials/Body/Sci_Fi_Character_08_Body_02.mat using Guid(b40c38720e30a9f4ab9477a1291f5c21) Importer(815301076,1909f56bfc062723c751e8b465ee728b)  -> (artifact id: '81f9cb29e7b50877ad412fc454d83024') in 1.853083 seconds 
========================================================================
Received Prepare
Registering precompiled user dll's ...
Registered in 0.002375 seconds.
Begin MonoManager ReloadAssembly
Symbol file LoadedFromMemory doesn't match image /Users/arolandelli/Documents/GitHub/VJ-TP/VJ-TP/Library/PackageCache/com.unity.visualscripting@1.7.8/Editor/VisualScripting.Core/Dependencies/YamlDotNet/Unity.VisualScripting.YamlDotNet.dll
Symbol file LoadedFromMemory doesn't match image /Users/arolandelli/Documents/GitHub/VJ-TP/VJ-TP/Library/PackageCache/com.unity.visualscripting@1.7.8/Editor/VisualScripting.Core/Dependencies/DotNetZip/Unity.VisualScripting.IonicZip.dll
Native extension for iOS target not found
Native extension for OSXStandalone target not found
Refreshing native plugins compatible for Editor in 0.64 ms, found 2 plugins.
Preloading 0 native plugins for Editor in 0.00 ms.
Mono: successfully reloaded assembly
- Completed reload, in  2.438 seconds
Domain Reload Profiling:
	ReloadAssembly (2441ms)
		BeginReloadAssembly (294ms)
			ExecutionOrderSort (0ms)
			DisableScriptedObjects (35ms)
			BackupInstance (0ms)
			ReleaseScriptingObjects (0ms)
			CreateAndSetChildDomain (83ms)
		EndReloadAssembly (1907ms)
			LoadAssemblies (134ms)
			RebuildTransferFunctionScriptingTraits (0ms)
			SetupTypeCache (348ms)
			ReleaseScriptCaches (1ms)
			RebuildScriptCaches (50ms)
			SetupLoadedEditorAssemblies (1209ms)
				LogAssemblyErrors (0ms)
				InitializePlatformSupportModulesInManaged (84ms)
				SetLoadedEditorAssemblies (2ms)
				RefreshPlugins (1ms)
				BeforeProcessingInitializeOnLoad (110ms)
				ProcessInitializeOnLoadAttributes (863ms)
				ProcessInitializeOnLoadMethodAttributes (147ms)
				AfterProcessingInitializeOnLoad (1ms)
				EditorAssembliesLoaded (0ms)
			ExecutionOrderSort2 (0ms)
			AwakeInstancesAfterBackupRestoration (11ms)
Platform modules already initialized, skipping
Refreshing native plugins compatible for Editor in 1.50 ms, found 2 plugins.
Preloading 0 native plugins for Editor in 0.00 ms.
Unloading 3401 Unused Serialized files (Serialized files now loaded: 0)
Unloading 20 unused Assets / (72.5 KB). Loaded Objects now: 3913.
Memory consumption went from 240.4 MB to 240.3 MB.
Total: 2.931792 ms (FindLiveObjects: 0.189709 ms CreateObjectMapping: 0.081459 ms MarkObjects: 2.561792 ms  DeleteObjects: 0.097958 ms)

AssetImportParameters requested are different than current active one (requested -> active):
  custom:video-decoder-ogg-theora: a1e56fd34408186e4bbccfd4996cb3dc -> 
  custom:container-muxer-webm: aa71ff27fc2769a1b78a27578f13a17b -> 
  custom:container-demuxer-webm: 4f35f7cbe854078d1ac9338744f61a02 -> 
  custom:video-encoder-webm-vp8: eb34c28f22e8b96e1ab97ce403110664 -> 
  custom:framework-osx-AVFoundation: e770b220cccbd017edd2c1fefb359320 -> 
  custom:audio-encoder-webm-vorbis: bf7c407c2cedff20999df2af8eb42d56 -> 
  custom:container-demuxer-ogg: 62fdf1f143b41e24485cea50d1cbac27 -> 
  custom:video-decoder-webm-vp8: 9c59270c3fd7afecdb556c50c9e8de78 -> 
  custom:audio-decoder-ogg-vorbis: bf7c407c2cedff20999df2af8eb42d56 -> 
========================================================================
Received Import Request.
  Time since last request: 46.579209 seconds.
  path: Assets/Sci_Fi_Character_08/Mesh/Sci_Fi_Character_08.FBX
  artifactKey: Guid(26489012c8ee8af4d84156e5e5ac1035) Importer(815301076,1909f56bfc062723c751e8b465ee728b)
Start importing Assets/Sci_Fi_Character_08/Mesh/Sci_Fi_Character_08.FBX using Guid(26489012c8ee8af4d84156e5e5ac1035) Importer(815301076,1909f56bfc062723c751e8b465ee728b)  -> (artifact id: '94e63efc2121af05b823685a9c0817ec') in 1.234561 seconds 
========================================================================
Received Import Request.
  Time since last request: 35.907059 seconds.
  path: Assets/Sci_Fi_Character_08/Materials/Sniper_Rifle/Sniper_Rifle_02.mat
  artifactKey: Guid(a128c62547eae3545a77d5f53d26bde4) Importer(815301076,1909f56bfc062723c751e8b465ee728b)
Start importing Assets/Sci_Fi_Character_08/Materials/Sniper_Rifle/Sniper_Rifle_02.mat using Guid(a128c62547eae3545a77d5f53d26bde4) Importer(815301076,1909f56bfc062723c751e8b465ee728b)  -> (artifact id: '4bec3c99bbdaca93061cf85849742aae') in 0.189813 seconds 
========================================================================
Received Import Request.
  Time since last request: 0.000098 seconds.
  path: Assets/Sci_Fi_Character_08/Materials/Sniper_Rifle/Sniper_Rifle_Cloth_01.mat
  artifactKey: Guid(25bd533632b2ad04e8ab3496d4763a83) Importer(815301076,1909f56bfc062723c751e8b465ee728b)
Start importing Assets/Sci_Fi_Character_08/Materials/Sniper_Rifle/Sniper_Rifle_Cloth_01.mat using Guid(25bd533632b2ad04e8ab3496d4763a83) Importer(815301076,1909f56bfc062723c751e8b465ee728b)  -> (artifact id: 'c521867c89625e283d4c55ce194bda62') in 0.360506 seconds 
========================================================================
Received Import Request.
  Time since last request: 0.000084 seconds.
  path: Assets/Sci_Fi_Character_08/Materials/Sniper_Rifle/Sniper_Rifle_Cloth_02.mat
  artifactKey: Guid(4a9b9115280c7014eb0147191dbdb3cd) Importer(815301076,1909f56bfc062723c751e8b465ee728b)
Start importing Assets/Sci_Fi_Character_08/Materials/Sniper_Rifle/Sniper_Rifle_Cloth_02.mat using Guid(4a9b9115280c7014eb0147191dbdb3cd) Importer(815301076,1909f56bfc062723c751e8b465ee728b)  -> (artifact id: 'ef25a50194ecfad74cbd0415cbc995d1') in 0.068027 seconds 
========================================================================
Received Import Request.
  Time since last request: 0.470582 seconds.
  path: Assets/Sci_Fi_Character_08/Materials/Head/Sci_Fi_Character_08_Head_02.mat
  artifactKey: Guid(dba2d68abcf37f544860d1ca2e33619a) Importer(815301076,1909f56bfc062723c751e8b465ee728b)
Start importing Assets/Sci_Fi_Character_08/Materials/Head/Sci_Fi_Character_08_Head_02.mat using Guid(dba2d68abcf37f544860d1ca2e33619a) Importer(815301076,1909f56bfc062723c751e8b465ee728b)  -> (artifact id: '6b14bc655c0e5d87da86446fc7883bb9') in 0.078510 seconds 
========================================================================
Received Import Request.
  Time since last request: 0.000059 seconds.
  path: Assets/Sci_Fi_Character_08/Materials/Head/Sci_Fi_Character_08_Head_05.mat
  artifactKey: Guid(acb5f9f41aaf93e47970d23183cd1eac) Importer(815301076,1909f56bfc062723c751e8b465ee728b)
Start importing Assets/Sci_Fi_Character_08/Materials/Head/Sci_Fi_Character_08_Head_05.mat using Guid(acb5f9f41aaf93e47970d23183cd1eac) Importer(815301076,1909f56bfc062723c751e8b465ee728b)  -> (artifact id: '8826f584387a24489cba8af99c54d5a5') in 0.063496 seconds 
========================================================================
Received Import Request.
  Time since last request: 0.000046 seconds.
  path: Assets/Sci_Fi_Character_08/Materials/Head/Sci_Fi_Character_08_Head_03.mat
  artifactKey: Guid(82432e490940f11458dd38a5ec568ffa) Importer(815301076,1909f56bfc062723c751e8b465ee728b)
Start importing Assets/Sci_Fi_Character_08/Materials/Head/Sci_Fi_Character_08_Head_03.mat using Guid(82432e490940f11458dd38a5ec568ffa) Importer(815301076,1909f56bfc062723c751e8b465ee728b)  -> (artifact id: '929e432cd444482a6bc4796afb8a7c09') in 0.066165 seconds 
========================================================================
Received Import Request.
  Time since last request: 7.067958 seconds.
  path: Assets/Sci_Fi_Character_08/Mesh/Stand.obj
  artifactKey: Guid(50f82e1002f135146a75f1a86479e0e8) Importer(815301076,1909f56bfc062723c751e8b465ee728b)
Start importing Assets/Sci_Fi_Character_08/Mesh/Stand.obj using Guid(50f82e1002f135146a75f1a86479e0e8) Importer(815301076,1909f56bfc062723c751e8b465ee728b)  -> (artifact id: 'f3dc39a15ab21cbcee9867a9aac24ed7') in 0.701184 seconds 
========================================================================
Received Import Request.
  Time since last request: 126.040437 seconds.
  path: Assets/Sci_Fi_Character_08/Materials/Details/Sci_Fi_Character_08_Details_02.mat
  artifactKey: Guid(9ff2d91c8ed580248b6dc17bfc69ad7f) Importer(815301076,1909f56bfc062723c751e8b465ee728b)
Start importing Assets/Sci_Fi_Character_08/Materials/Details/Sci_Fi_Character_08_Details_02.mat using Guid(9ff2d91c8ed580248b6dc17bfc69ad7f) Importer(815301076,1909f56bfc062723c751e8b465ee728b)  -> (artifact id: '9e0346ea41927b3370a0a76805d1f518') in 0.084878 seconds 
========================================================================
Received Import Request.
  Time since last request: 0.000071 seconds.
  path: Assets/Sci_Fi_Character_08/Materials/Details/Sci_Fi_Character_08_Details_03.mat
  artifactKey: Guid(98f00aa3cc0f77c4c95b86cc6a17cd05) Importer(815301076,1909f56bfc062723c751e8b465ee728b)
Start importing Assets/Sci_Fi_Character_08/Materials/Details/Sci_Fi_Character_08_Details_03.mat using Guid(98f00aa3cc0f77c4c95b86cc6a17cd05) Importer(815301076,1909f56bfc062723c751e8b465ee728b)  -> (artifact id: '286baf3e337885930b6198b8c77a9b54') in 0.067308 seconds 
========================================================================
Received Import Request.
  Time since last request: 74.829068 seconds.
  path: Assets/Sci_Fi_Character_08/Textures/Body/Sci_Fi_Character_08_Body_Albedo_02.tga
  artifactKey: Guid(610982d2acf7703448e70769dbda9ac7) Importer(815301076,1909f56bfc062723c751e8b465ee728b)
Start importing Assets/Sci_Fi_Character_08/Textures/Body/Sci_Fi_Character_08_Body_Albedo_02.tga using Guid(610982d2acf7703448e70769dbda9ac7) Importer(815301076,1909f56bfc062723c751e8b465ee728b)  -> (artifact id: 'de9f174fb4bd31d5c8cbef5fda70e120') in 0.765361 seconds 
========================================================================
Received Import Request.
  Time since last request: 0.000093 seconds.
  path: Assets/Sci_Fi_Character_08/Textures/Body/Sci_Fi_Character_08_Body_Emissive.tga
  artifactKey: Guid(40ec1b2b74981d9409135ff52ce48b10) Importer(815301076,1909f56bfc062723c751e8b465ee728b)
Start importing Assets/Sci_Fi_Character_08/Textures/Body/Sci_Fi_Character_08_Body_Emissive.tga using Guid(40ec1b2b74981d9409135ff52ce48b10) Importer(815301076,1909f56bfc062723c751e8b465ee728b)  -> (artifact id: '5919b0a485895675da72b2809a3f5085') in 0.017450 seconds 
========================================================================
Received Import Request.
  Time since last request: 0.000049 seconds.
  path: Assets/Sci_Fi_Character_08/Textures/Body/Sci_Fi_Character_08_Body_Ao.tga
  artifactKey: Guid(539d6981079fab8489367de1ca988d59) Importer(815301076,1909f56bfc062723c751e8b465ee728b)
Start importing Assets/Sci_Fi_Character_08/Textures/Body/Sci_Fi_Character_08_Body_Ao.tga using Guid(539d6981079fab8489367de1ca988d59) Importer(815301076,1909f56bfc062723c751e8b465ee728b)  -> (artifact id: 'fb5b63bd4e578114a2f7740dc8c87e7b') in 0.015961 seconds 
========================================================================
Received Import Request.
  Time since last request: 0.000054 seconds.
  path: Assets/Sci_Fi_Character_08/Textures/Body/Sci_Fi_Character_08_Body_Metallic.tga
  artifactKey: Guid(f06b32e878eec2941af22a69f83adf29) Importer(815301076,1909f56bfc062723c751e8b465ee728b)
Start importing Assets/Sci_Fi_Character_08/Textures/Body/Sci_Fi_Character_08_Body_Metallic.tga using Guid(f06b32e878eec2941af22a69f83adf29) Importer(815301076,1909f56bfc062723c751e8b465ee728b)  -> (artifact id: '47a271d49a81d1d481137cb3e9e47ad4') in 0.024282 seconds 
========================================================================
Received Import Request.
  Time since last request: 80.550768 seconds.
  path: Assets/Sci_Fi_Character_08/Textures/Details/Sci_Fi_Character_08_Details_Albedo_02.tga
  artifactKey: Guid(7d3a622d4134163408c5e4f3cf9da619) Importer(815301076,1909f56bfc062723c751e8b465ee728b)
Start importing Assets/Sci_Fi_Character_08/Textures/Details/Sci_Fi_Character_08_Details_Albedo_02.tga using Guid(7d3a622d4134163408c5e4f3cf9da619) Importer(815301076,1909f56bfc062723c751e8b465ee728b)  -> (artifact id: '94ede1514aa438ed88f47a0f8f38b51e') in 0.025697 seconds 
========================================================================
Received Import Request.
  Time since last request: 0.000073 seconds.
  path: Assets/Sci_Fi_Character_08/Textures/Details/Sci_Fi_Character_08_Details_Metallic.tga
  artifactKey: Guid(76f3a70ecde17e143a28acb85ffda3ed) Importer(815301076,1909f56bfc062723c751e8b465ee728b)
Start importing Assets/Sci_Fi_Character_08/Textures/Details/Sci_Fi_Character_08_Details_Metallic.tga using Guid(76f3a70ecde17e143a28acb85ffda3ed) Importer(815301076,1909f56bfc062723c751e8b465ee728b)  -> (artifact id: 'df0d7b79c3d01e2ec597ab971ed46267') in 0.024468 seconds 
========================================================================
Received Import Request.
  Time since last request: 0.000061 seconds.
  path: Assets/Sci_Fi_Character_08/Textures/Details/Sci_Fi_Character_08_Details_Emissive.tga
  artifactKey: Guid(2140b2878c2e9bc459a9205191341a04) Importer(815301076,1909f56bfc062723c751e8b465ee728b)
Start importing Assets/Sci_Fi_Character_08/Textures/Details/Sci_Fi_Character_08_Details_Emissive.tga using Guid(2140b2878c2e9bc459a9205191341a04) Importer(815301076,1909f56bfc062723c751e8b465ee728b)  -> (artifact id: '3e25d1be8f34678af44a786c151f1ec9') in 0.014295 seconds 
========================================================================
Received Import Request.
  Time since last request: 0.000062 seconds.
  path: Assets/Sci_Fi_Character_08/Textures/Details/Sci_Fi_Character_08_Details_Ao.tga
  artifactKey: Guid(39bf7fdb63092524bbd69d66d86f249a) Importer(815301076,1909f56bfc062723c751e8b465ee728b)
Start importing Assets/Sci_Fi_Character_08/Textures/Details/Sci_Fi_Character_08_Details_Ao.tga using Guid(39bf7fdb63092524bbd69d66d86f249a) Importer(815301076,1909f56bfc062723c751e8b465ee728b)  -> (artifact id: 'e307d22f7e622ed5f0d382821e28010e') in 0.015214 seconds 
========================================================================
Received Prepare
Registering precompiled user dll's ...
Registered in 0.002345 seconds.
Begin MonoManager ReloadAssembly
Symbol file LoadedFromMemory doesn't match image /Users/arolandelli/Documents/GitHub/VJ-TP/VJ-TP/Library/PackageCache/com.unity.visualscripting@1.7.8/Editor/VisualScripting.Core/Dependencies/YamlDotNet/Unity.VisualScripting.YamlDotNet.dll
Symbol file LoadedFromMemory doesn't match image /Users/arolandelli/Documents/GitHub/VJ-TP/VJ-TP/Library/PackageCache/com.unity.visualscripting@1.7.8/Editor/VisualScripting.Core/Dependencies/DotNetZip/Unity.VisualScripting.IonicZip.dll
Native extension for iOS target not found
Native extension for OSXStandalone target not found
Refreshing native plugins compatible for Editor in 0.62 ms, found 2 plugins.
Preloading 0 native plugins for Editor in 0.00 ms.
Mono: successfully reloaded assembly
- Completed reload, in  2.395 seconds
Domain Reload Profiling:
	ReloadAssembly (2397ms)
		BeginReloadAssembly (263ms)
			ExecutionOrderSort (0ms)
			DisableScriptedObjects (34ms)
			BackupInstance (0ms)
			ReleaseScriptingObjects (0ms)
			CreateAndSetChildDomain (64ms)
		EndReloadAssembly (1900ms)
			LoadAssemblies (120ms)
			RebuildTransferFunctionScriptingTraits (0ms)
			SetupTypeCache (339ms)
			ReleaseScriptCaches (1ms)
			RebuildScriptCaches (48ms)
			SetupLoadedEditorAssemblies (1212ms)
				LogAssemblyErrors (0ms)
				InitializePlatformSupportModulesInManaged (86ms)
				SetLoadedEditorAssemblies (1ms)
				RefreshPlugins (1ms)
				BeforeProcessingInitializeOnLoad (113ms)
				ProcessInitializeOnLoadAttributes (888ms)
				ProcessInitializeOnLoadMethodAttributes (122ms)
				AfterProcessingInitializeOnLoad (1ms)
				EditorAssembliesLoaded (0ms)
			ExecutionOrderSort2 (0ms)
			AwakeInstancesAfterBackupRestoration (11ms)
Platform modules already initialized, skipping
Refreshing native plugins compatible for Editor in 1.06 ms, found 2 plugins.
Preloading 0 native plugins for Editor in 0.00 ms.
Unloading 3401 Unused Serialized files (Serialized files now loaded: 0)
Unloading 20 unused Assets / (72.6 KB). Loaded Objects now: 3922.
Memory consumption went from 266.3 MB to 266.2 MB.
Total: 2.587958 ms (FindLiveObjects: 0.170958 ms CreateObjectMapping: 0.078292 ms MarkObjects: 2.244875 ms  DeleteObjects: 0.092625 ms)

AssetImportParameters requested are different than current active one (requested -> active):
  custom:video-decoder-ogg-theora: a1e56fd34408186e4bbccfd4996cb3dc -> 
  custom:container-muxer-webm: aa71ff27fc2769a1b78a27578f13a17b -> 
  custom:container-demuxer-webm: 4f35f7cbe854078d1ac9338744f61a02 -> 
  custom:video-encoder-webm-vp8: eb34c28f22e8b96e1ab97ce403110664 -> 
  custom:framework-osx-AVFoundation: e770b220cccbd017edd2c1fefb359320 -> 
  custom:audio-encoder-webm-vorbis: bf7c407c2cedff20999df2af8eb42d56 -> 
  custom:container-demuxer-ogg: 62fdf1f143b41e24485cea50d1cbac27 -> 
  custom:video-decoder-webm-vp8: 9c59270c3fd7afecdb556c50c9e8de78 -> 
  custom:audio-decoder-ogg-vorbis: bf7c407c2cedff20999df2af8eb42d56 -> 
========================================================================
Received Prepare
Registering precompiled user dll's ...
Registered in 0.002599 seconds.
Begin MonoManager ReloadAssembly
Symbol file LoadedFromMemory doesn't match image /Users/arolandelli/Documents/GitHub/VJ-TP/VJ-TP/Library/PackageCache/com.unity.visualscripting@1.7.8/Editor/VisualScripting.Core/Dependencies/YamlDotNet/Unity.VisualScripting.YamlDotNet.dll
Symbol file LoadedFromMemory doesn't match image /Users/arolandelli/Documents/GitHub/VJ-TP/VJ-TP/Library/PackageCache/com.unity.visualscripting@1.7.8/Editor/VisualScripting.Core/Dependencies/DotNetZip/Unity.VisualScripting.IonicZip.dll
Native extension for iOS target not found
Native extension for OSXStandalone target not found
Refreshing native plugins compatible for Editor in 0.58 ms, found 2 plugins.
Preloading 0 native plugins for Editor in 0.00 ms.
Mono: successfully reloaded assembly
- Completed reload, in  2.385 seconds
Domain Reload Profiling:
	ReloadAssembly (2387ms)
		BeginReloadAssembly (267ms)
			ExecutionOrderSort (0ms)
			DisableScriptedObjects (37ms)
			BackupInstance (0ms)
			ReleaseScriptingObjects (0ms)
			CreateAndSetChildDomain (65ms)
		EndReloadAssembly (1880ms)
			LoadAssemblies (118ms)
			RebuildTransferFunctionScriptingTraits (0ms)
			SetupTypeCache (338ms)
			ReleaseScriptCaches (1ms)
			RebuildScriptCaches (49ms)
			SetupLoadedEditorAssemblies (1199ms)
				LogAssemblyErrors (0ms)
				InitializePlatformSupportModulesInManaged (86ms)
				SetLoadedEditorAssemblies (1ms)
				RefreshPlugins (1ms)
				BeforeProcessingInitializeOnLoad (114ms)
				ProcessInitializeOnLoadAttributes (880ms)
				ProcessInitializeOnLoadMethodAttributes (117ms)
				AfterProcessingInitializeOnLoad (1ms)
				EditorAssembliesLoaded (0ms)
			ExecutionOrderSort2 (0ms)
			AwakeInstancesAfterBackupRestoration (11ms)
Platform modules already initialized, skipping
Refreshing native plugins compatible for Editor in 0.89 ms, found 2 plugins.
Preloading 0 native plugins for Editor in 0.00 ms.
Unloading 3401 Unused Serialized files (Serialized files now loaded: 0)
Unloading 20 unused Assets / (72.7 KB). Loaded Objects now: 3925.
Memory consumption went from 266.5 MB to 266.4 MB.
Total: 2.463750 ms (FindLiveObjects: 0.147083 ms CreateObjectMapping: 0.071250 ms MarkObjects: 2.162000 ms  DeleteObjects: 0.082541 ms)

AssetImportParameters requested are different than current active one (requested -> active):
  custom:video-decoder-ogg-theora: a1e56fd34408186e4bbccfd4996cb3dc -> 
  custom:container-muxer-webm: aa71ff27fc2769a1b78a27578f13a17b -> 
  custom:container-demuxer-webm: 4f35f7cbe854078d1ac9338744f61a02 -> 
  custom:video-encoder-webm-vp8: eb34c28f22e8b96e1ab97ce403110664 -> 
  custom:framework-osx-AVFoundation: e770b220cccbd017edd2c1fefb359320 -> 
  custom:audio-encoder-webm-vorbis: bf7c407c2cedff20999df2af8eb42d56 -> 
  custom:container-demuxer-ogg: 62fdf1f143b41e24485cea50d1cbac27 -> 
  custom:video-decoder-webm-vp8: 9c59270c3fd7afecdb556c50c9e8de78 -> 
  custom:audio-decoder-ogg-vorbis: bf7c407c2cedff20999df2af8eb42d56 -> 
========================================================================
Received Import Request.
  Time since last request: 420.056152 seconds.
  path: Assets/Sci_Fi_Character_08/Textures/Head/Sci_FI_Character_08_Head_Albedo_02.tga
  artifactKey: Guid(aee314019a9fbad45aadb20d5c623f47) Importer(815301076,1909f56bfc062723c751e8b465ee728b)
Start importing Assets/Sci_Fi_Character_08/Textures/Head/Sci_FI_Character_08_Head_Albedo_02.tga using Guid(aee314019a9fbad45aadb20d5c623f47) Importer(815301076,1909f56bfc062723c751e8b465ee728b)  -> (artifact id: '11ba541053a3ac3f297656b1ba3c1bd6') in 0.117610 seconds 
========================================================================
Received Import Request.
  Time since last request: 0.000057 seconds.
  path: Assets/Sci_Fi_Character_08/Textures/Head/Sci_FI_Character_08_Head_Albedo_05.tga
  artifactKey: Guid(5f2ef3fd6d82daf49a021001a03b31e5) Importer(815301076,1909f56bfc062723c751e8b465ee728b)
Start importing Assets/Sci_Fi_Character_08/Textures/Head/Sci_FI_Character_08_Head_Albedo_05.tga using Guid(5f2ef3fd6d82daf49a021001a03b31e5) Importer(815301076,1909f56bfc062723c751e8b465ee728b)  -> (artifact id: '0afd85eb92c327cd73c06d57731d3bea') in 0.036819 seconds 
========================================================================
Received Import Request.
  Time since last request: 0.000058 seconds.
  path: Assets/Sci_Fi_Character_08/Textures/Head/Sci_FI_Character_08_Head_Normals.tga
  artifactKey: Guid(1df0194f73a6ef9469f6a3cd35a50a6e) Importer(815301076,1909f56bfc062723c751e8b465ee728b)
Start importing Assets/Sci_Fi_Character_08/Textures/Head/Sci_FI_Character_08_Head_Normals.tga using Guid(1df0194f73a6ef9469f6a3cd35a50a6e) Importer(815301076,1909f56bfc062723c751e8b465ee728b)  -> (artifact id: 'cf6d3a9f4fb671b975d0e8d17600d922') in 0.091805 seconds 
========================================================================
Received Import Request.
  Time since last request: 0.000082 seconds.
  path: Assets/Sci_Fi_Character_08/Textures/Head/Sci_FI_Character_08_Head_Albedo_06.tga
  artifactKey: Guid(7385ce7ea69040740aee9fe47aa40584) Importer(815301076,1909f56bfc062723c751e8b465ee728b)
Start importing Assets/Sci_Fi_Character_08/Textures/Head/Sci_FI_Character_08_Head_Albedo_06.tga using Guid(7385ce7ea69040740aee9fe47aa40584) Importer(815301076,1909f56bfc062723c751e8b465ee728b)  -> (artifact id: 'c19f11199a8b477cd921e9c466b55c81') in 0.017293 seconds 
========================================================================
Received Import Request.
  Time since last request: 6.538341 seconds.
  path: Assets/Sci_Fi_Character_08/Textures/Sniper_Rifle/Sniper_Rifle_Albedo_02.tga
  artifactKey: Guid(6e9d5dcbcd8819c4183d87f242b1f240) Importer(815301076,1909f56bfc062723c751e8b465ee728b)
Start importing Assets/Sci_Fi_Character_08/Textures/Sniper_Rifle/Sniper_Rifle_Albedo_02.tga using Guid(6e9d5dcbcd8819c4183d87f242b1f240) Importer(815301076,1909f56bfc062723c751e8b465ee728b)  -> (artifact id: '01fdf1b6a63f670785830d16cfd3ead7') in 0.019757 seconds 
========================================================================
Received Import Request.
  Time since last request: 0.000097 seconds.
  path: Assets/Sci_Fi_Character_08/Textures/Sniper_Rifle/Sniper_Rifle_Cloth_Albedo_02.tga
  artifactKey: Guid(7e203b4e5a026f740a7b9b7351fb079f) Importer(815301076,1909f56bfc062723c751e8b465ee728b)
Start importing Assets/Sci_Fi_Character_08/Textures/Sniper_Rifle/Sniper_Rifle_Cloth_Albedo_02.tga using Guid(7e203b4e5a026f740a7b9b7351fb079f) Importer(815301076,1909f56bfc062723c751e8b465ee728b)  -> (artifact id: '7978d8ade9cdc30cba572711d7dced76') in 0.026200 seconds 
========================================================================
Received Import Request.
  Time since last request: 0.000054 seconds.
  path: Assets/Sci_Fi_Character_08/Textures/Sniper_Rifle/Sniper_Rifle_Metallic.tga
  artifactKey: Guid(b9e11832595a27f44a2204efb9e84eae) Importer(815301076,1909f56bfc062723c751e8b465ee728b)
Start importing Assets/Sci_Fi_Character_08/Textures/Sniper_Rifle/Sniper_Rifle_Metallic.tga using Guid(b9e11832595a27f44a2204efb9e84eae) Importer(815301076,1909f56bfc062723c751e8b465ee728b)  -> (artifact id: '1553f19a4266568d8d88a226157c1cf7') in 0.026093 seconds 
========================================================================
Received Import Request.
  Time since last request: 0.000058 seconds.
  path: Assets/Sci_Fi_Character_08/Textures/Sniper_Rifle/Sniper_Rifle_Cloth_Ao.tga
  artifactKey: Guid(7ae7d9a95ccecc04498d6a2a02edd7f1) Importer(815301076,1909f56bfc062723c751e8b465ee728b)
Start importing Assets/Sci_Fi_Character_08/Textures/Sniper_Rifle/Sniper_Rifle_Cloth_Ao.tga using Guid(7ae7d9a95ccecc04498d6a2a02edd7f1) Importer(815301076,1909f56bfc062723c751e8b465ee728b)  -> (artifact id: '6b703ce9c37f93e02e0a4efc7021cdc6') in 0.016710 seconds 
========================================================================
Received Import Request.
  Time since last request: 0.000051 seconds.
  path: Assets/Sci_Fi_Character_08/Textures/Sniper_Rifle/Sniper_Rifle_Cloth_Albedo_01.tga
  artifactKey: Guid(f21a75fd14d29c74b8a181247c63cb2e) Importer(815301076,1909f56bfc062723c751e8b465ee728b)
Start importing Assets/Sci_Fi_Character_08/Textures/Sniper_Rifle/Sniper_Rifle_Cloth_Albedo_01.tga using Guid(f21a75fd14d29c74b8a181247c63cb2e) Importer(815301076,1909f56bfc062723c751e8b465ee728b)  -> (artifact id: 'e34cf3465671aacdc964bac0924f70bb') in 0.024345 seconds 
========================================================================
Received Import Request.
  Time since last request: 0.000073 seconds.
  path: Assets/Sci_Fi_Character_08/Textures/Sniper_Rifle/Sniper_Rifle_Ao.tga
  artifactKey: Guid(d5d33493d58add648985d12c61749e72) Importer(815301076,1909f56bfc062723c751e8b465ee728b)
Start importing Assets/Sci_Fi_Character_08/Textures/Sniper_Rifle/Sniper_Rifle_Ao.tga using Guid(d5d33493d58add648985d12c61749e72) Importer(815301076,1909f56bfc062723c751e8b465ee728b)  -> (artifact id: 'ca1f7a967962360d400e9346c663d829') in 0.015150 seconds 
